<?xml version="1.0" encoding="UTF-8"?>
<robot generator="Robot 3.0.2 (Jython 2.7.0 on java1.8.0_111)" generated="20171009 15:14:02.043">
<suite source="/Users/tatralab/Documents/AUTOMATION_WORKSPACE/RobotFramework/src/test/robotframework/acceptance" name="Acceptance" id="s1">
<suite source="/Users/tatralab/Documents/AUTOMATION_WORKSPACE/RobotFramework/src/test/robotframework/acceptance/Test Cases.txt" name="Test Cases" id="s1-s1">
<test name="TC1: Login failed" id="s1-s1-t1">
<kw library="Selenium2Library" name="Open Browser">
<doc>Opens a new browser instance to given URL.&lt;br&gt;</doc>
<arguments>
<arg>http://testapps.in/qjump/admin/</arg>
<arg>chrome</arg>
</arguments>
<msg level="INFO" timestamp="20171009 15:14:02.947">browserName: chrome</msg>
<msg level="INFO" timestamp="20171009 15:14:02.949">Opening browser 'chrome' to base url 'http://testapps.in/qjump/admin/'</msg>
<msg level="INFO" timestamp="20171009 15:14:06.997">Starting ChromeDriver 2.31.488774 (7e15618d1bf16df8bf0ecf2914ed1964a387ba0b) on port 2586
Only local connections are allowed.</msg>
<status endtime="20171009 15:14:06.999" starttime="20171009 15:14:02.942" status="PASS"></status>
</kw>
<kw library="Selenium2Library" name="Input Text">
<doc>Types the given &lt;b&gt;text&lt;/b&gt; into the text field identified by</doc>
<arguments>
<arg>email</arg>
<arg>admin@qjump.com</arg>
</arguments>
<msg level="INFO" timestamp="20171009 15:14:07.003">Typing text 'admin@qjump.com' into text field 'email'</msg>
<status endtime="20171009 15:14:07.146" starttime="20171009 15:14:07.000" status="PASS"></status>
</kw>
<kw library="Selenium2Library" name="Input Text">
<doc>Types the given &lt;b&gt;text&lt;/b&gt; into the text field identified by</doc>
<arguments>
<arg>password</arg>
<arg>654321</arg>
</arguments>
<msg level="INFO" timestamp="20171009 15:14:07.150">Typing text '654321' into text field 'password'</msg>
<status endtime="20171009 15:14:07.230" starttime="20171009 15:14:07.147" status="PASS"></status>
</kw>
<kw library="Selenium2Library" name="Click Button">
<doc>Click on the button identified by &lt;b&gt;locator&lt;/b&gt;.&lt;br&gt;</doc>
<arguments>
<arg>Login</arg>
</arguments>
<msg level="INFO" timestamp="20171009 15:14:07.234">Clicking button 'Login'.</msg>
<status endtime="20171009 15:14:08.753" starttime="20171009 15:14:07.231" status="PASS"></status>
</kw>
<kw library="Selenium2Library" name="Page Should Contain">
<doc>Verify the current page contains &lt;b&gt;text&lt;/b&gt;.&lt;br&gt;</doc>
<arguments>
<arg>Invalid Username or Password</arg>
<arg>INFO</arg>
</arguments>
<msg level="INFO" timestamp="20171009 15:14:08.784">Page Should Contain: Invalid Username or Password =&gt; OK</msg>
<status endtime="20171009 15:14:08.786" starttime="20171009 15:14:08.754" status="PASS"></status>
</kw>
<kw library="Selenium2Library" name="Close Browser">
<doc>Closes the current browser instance.&lt;br&gt;&lt;br&gt;&lt;b&gt;See Also:&lt;/b&gt;&lt;br&gt;&amp;nbsp;&amp;nbsp;&amp;nbsp;&amp;nbsp;`Close All Browsers`&lt;br&gt;&amp;nbsp;&amp;nbsp;&amp;nbsp;&amp;nbsp;`Open Browser`&lt;br&gt;&amp;nbsp;&amp;nbsp;&amp;nbsp;&amp;nbsp;`Switch Browser`&lt;br&gt;</doc>
<status endtime="20171009 15:14:09.356" starttime="20171009 15:14:08.786" status="PASS"></status>
</kw>
<doc>Check login failed with insuccessful credentials</doc>
<status critical="yes" endtime="20171009 15:14:09.358" starttime="20171009 15:14:02.938" status="PASS"></status>
</test>
<test name="TC2: Login Sucessfully" id="s1-s1-t2">
<kw library="Selenium2Library" name="Open Browser">
<doc>Opens a new browser instance to given URL.&lt;br&gt;</doc>
<arguments>
<arg>http://testapps.in/qjump/admin/</arg>
<arg>chrome</arg>
</arguments>
<msg level="INFO" timestamp="20171009 15:14:09.370">browserName: chrome</msg>
<msg level="INFO" timestamp="20171009 15:14:09.372">Opening browser 'chrome' to base url 'http://testapps.in/qjump/admin/'</msg>
<msg level="INFO" timestamp="20171009 15:14:13.119">Starting ChromeDriver 2.31.488774 (7e15618d1bf16df8bf0ecf2914ed1964a387ba0b) on port 16075
Only local connections are allowed.</msg>
<status endtime="20171009 15:14:13.120" starttime="20171009 15:14:09.365" status="PASS"></status>
</kw>
<kw library="Selenium2Library" name="Input Text">
<doc>Types the given &lt;b&gt;text&lt;/b&gt; into the text field identified by</doc>
<arguments>
<arg>email</arg>
<arg>admin@qjump.com</arg>
</arguments>
<msg level="INFO" timestamp="20171009 15:14:13.125">Typing text 'admin@qjump.com' into text field 'email'</msg>
<status endtime="20171009 15:14:13.253" starttime="20171009 15:14:13.121" status="PASS"></status>
</kw>
<kw library="Selenium2Library" name="Input Text">
<doc>Types the given &lt;b&gt;text&lt;/b&gt; into the text field identified by</doc>
<arguments>
<arg>password</arg>
<arg>123456</arg>
</arguments>
<msg level="INFO" timestamp="20171009 15:14:13.257">Typing text '123456' into text field 'password'</msg>
<status endtime="20171009 15:14:13.343" starttime="20171009 15:14:13.254" status="PASS"></status>
</kw>
<kw library="Selenium2Library" name="Select Checkbox">
<doc>Select the checkbox identified by &lt;b&gt;locator&lt;/b&gt;.&lt;br&gt;</doc>
<arguments>
<arg>remember</arg>
</arguments>
<msg level="INFO" timestamp="20171009 15:14:13.348">Selecting checkbox 'remember'.</msg>
<status endtime="20171009 15:14:13.437" starttime="20171009 15:14:13.344" status="PASS"></status>
</kw>
<kw library="Selenium2Library" name="Click Button">
<doc>Click on the button identified by &lt;b&gt;locator&lt;/b&gt;.&lt;br&gt;</doc>
<arguments>
<arg>Login</arg>
</arguments>
<msg level="INFO" timestamp="20171009 15:14:13.441">Clicking button 'Login'.</msg>
<status endtime="20171009 15:14:13.534" starttime="20171009 15:14:13.438" status="PASS"></status>
</kw>
<kw library="Selenium2Library" name="Element Text Should Be">
<doc>Verify the text of the element identified by &lt;b&gt;locator&lt;/b&gt; is exactly</doc>
<arguments>
<arg>xpath=(//*[@id="title-screen"])[2]</arg>
<arg>Dashboard</arg>
</arguments>
<status endtime="20171009 15:14:16.416" starttime="20171009 15:14:13.537" status="PASS"></status>
</kw>
<kw library="Selenium2Library" name="Close Browser">
<doc>Closes the current browser instance.&lt;br&gt;&lt;br&gt;&lt;b&gt;See Also:&lt;/b&gt;&lt;br&gt;&amp;nbsp;&amp;nbsp;&amp;nbsp;&amp;nbsp;`Close All Browsers`&lt;br&gt;&amp;nbsp;&amp;nbsp;&amp;nbsp;&amp;nbsp;`Open Browser`&lt;br&gt;&amp;nbsp;&amp;nbsp;&amp;nbsp;&amp;nbsp;`Switch Browser`&lt;br&gt;</doc>
<status endtime="20171009 15:14:16.981" starttime="20171009 15:14:16.417" status="PASS"></status>
</kw>
<doc>Check login done successfully with successful credentials</doc>
<status critical="yes" endtime="20171009 15:14:16.982" starttime="20171009 15:14:09.361" status="PASS"></status>
</test>
<test name="TC3: Logout" id="s1-s1-t3">
<kw library="Selenium2Library" name="Open Browser">
<doc>Opens a new browser instance to given URL.&lt;br&gt;</doc>
<arguments>
<arg>http://testapps.in/qjump/admin/</arg>
<arg>chrome</arg>
</arguments>
<msg level="INFO" timestamp="20171009 15:14:16.990">browserName: chrome</msg>
<msg level="INFO" timestamp="20171009 15:14:16.992">Opening browser 'chrome' to base url 'http://testapps.in/qjump/admin/'</msg>
<msg level="INFO" timestamp="20171009 15:14:21.280">Starting ChromeDriver 2.31.488774 (7e15618d1bf16df8bf0ecf2914ed1964a387ba0b) on port 32542
Only local connections are allowed.</msg>
<status endtime="20171009 15:14:21.281" starttime="20171009 15:14:16.986" status="PASS"></status>
</kw>
<kw library="Selenium2Library" name="Input Text">
<doc>Types the given &lt;b&gt;text&lt;/b&gt; into the text field identified by</doc>
<arguments>
<arg>email</arg>
<arg>admin@qjump.com</arg>
</arguments>
<msg level="INFO" timestamp="20171009 15:14:21.284">Typing text 'admin@qjump.com' into text field 'email'</msg>
<status endtime="20171009 15:14:21.411" starttime="20171009 15:14:21.282" status="PASS"></status>
</kw>
<kw library="Selenium2Library" name="Input Text">
<doc>Types the given &lt;b&gt;text&lt;/b&gt; into the text field identified by</doc>
<arguments>
<arg>password</arg>
<arg>123456</arg>
</arguments>
<msg level="INFO" timestamp="20171009 15:14:21.415">Typing text '123456' into text field 'password'</msg>
<status endtime="20171009 15:14:21.497" starttime="20171009 15:14:21.411" status="PASS"></status>
</kw>
<kw library="Selenium2Library" name="Click Button">
<doc>Click on the button identified by &lt;b&gt;locator&lt;/b&gt;.&lt;br&gt;</doc>
<arguments>
<arg>Login</arg>
</arguments>
<msg level="INFO" timestamp="20171009 15:14:21.500">Clicking button 'Login'.</msg>
<status endtime="20171009 15:14:24.626" starttime="20171009 15:14:21.498" status="PASS"></status>
</kw>
<kw library="Selenium2Library" name="Click Link">
<doc>Click on the link identified by &lt;b&gt;locator&lt;/b&gt;.&lt;br&gt;</doc>
<arguments>
<arg>الخروج</arg>
</arguments>
<msg level="INFO" timestamp="20171009 15:14:24.630">Clicking link '??????'.</msg>
<status endtime="20171009 15:14:25.933" starttime="20171009 15:14:24.627" status="PASS"></status>
</kw>
<kw library="Selenium2Library" name="Close Browser">
<doc>Closes the current browser instance.&lt;br&gt;&lt;br&gt;&lt;b&gt;See Also:&lt;/b&gt;&lt;br&gt;&amp;nbsp;&amp;nbsp;&amp;nbsp;&amp;nbsp;`Close All Browsers`&lt;br&gt;&amp;nbsp;&amp;nbsp;&amp;nbsp;&amp;nbsp;`Open Browser`&lt;br&gt;&amp;nbsp;&amp;nbsp;&amp;nbsp;&amp;nbsp;`Switch Browser`&lt;br&gt;</doc>
<status endtime="20171009 15:14:26.500" starttime="20171009 15:14:25.934" status="PASS"></status>
</kw>
<doc>Check logout done successfully</doc>
<status critical="yes" endtime="20171009 15:14:26.501" starttime="20171009 15:14:16.984" status="PASS"></status>
</test>
<test name="TC4: Adding new Stadium" id="s1-s1-t4">
<kw library="Open Stadium Management Shared Steps" name="Shared Steps : Open Stadium Management">
<kw library="Selenium2Library" name="Open Browser">
<doc>Opens a new browser instance to given URL.&lt;br&gt;</doc>
<arguments>
<arg>${URL_Admin}</arg>
<arg>chrome</arg>
</arguments>
<msg level="INFO" timestamp="20171009 15:14:26.509">browserName: chrome</msg>
<msg level="INFO" timestamp="20171009 15:14:26.511">Opening browser 'chrome' to base url 'http://testapps.in/qjump/admin/'</msg>
<msg level="INFO" timestamp="20171009 15:14:30.025">Starting ChromeDriver 2.31.488774 (7e15618d1bf16df8bf0ecf2914ed1964a387ba0b) on port 45055
Only local connections are allowed.</msg>
<status endtime="20171009 15:14:30.025" starttime="20171009 15:14:26.506" status="PASS"></status>
</kw>
<kw library="Selenium2Library" name="Input Text">
<doc>Types the given &lt;b&gt;text&lt;/b&gt; into the text field identified by</doc>
<arguments>
<arg>email</arg>
<arg>${username_Admin}</arg>
</arguments>
<msg level="INFO" timestamp="20171009 15:14:30.028">Typing text 'admin@qjump.com' into text field 'email'</msg>
<status endtime="20171009 15:14:30.151" starttime="20171009 15:14:30.026" status="PASS"></status>
</kw>
<kw library="Selenium2Library" name="Input Text">
<doc>Types the given &lt;b&gt;text&lt;/b&gt; into the text field identified by</doc>
<arguments>
<arg>password</arg>
<arg>${password}</arg>
</arguments>
<msg level="INFO" timestamp="20171009 15:14:30.154">Typing text '123456' into text field 'password'</msg>
<status endtime="20171009 15:14:30.236" starttime="20171009 15:14:30.151" status="PASS"></status>
</kw>
<kw library="Selenium2Library" name="Click Button">
<doc>Click on the button identified by &lt;b&gt;locator&lt;/b&gt;.&lt;br&gt;</doc>
<arguments>
<arg>Login</arg>
</arguments>
<msg level="INFO" timestamp="20171009 15:14:30.238">Clicking button 'Login'.</msg>
<status endtime="20171009 15:14:32.960" starttime="20171009 15:14:30.236" status="PASS"></status>
</kw>
<kw library="Selenium2Library" name="Click Link">
<doc>Click on the link identified by &lt;b&gt;locator&lt;/b&gt;.&lt;br&gt;</doc>
<arguments>
<arg>Stadium Management</arg>
</arguments>
<msg level="INFO" timestamp="20171009 15:14:32.965">Clicking link 'Stadium Management'.</msg>
<status endtime="20171009 15:14:33.039" starttime="20171009 15:14:32.961" status="PASS"></status>
</kw>
<status endtime="20171009 15:14:33.040" starttime="20171009 15:14:26.505" status="PASS"></status>
</kw>
<kw library="Selenium2Library" name="Wait Until Element Is Visible">
<doc>Waits until the element identified by &lt;b&gt;locator&lt;/b&gt; is visible.&lt;br&gt;</doc>
<arguments>
<arg>xpath=.//ul[@id='side-menu']/li[2]/ul/li[2]/a</arg>
<arg>10</arg>
</arguments>
<status endtime="20171009 15:14:33.296" starttime="20171009 15:14:33.041" status="PASS"></status>
</kw>
<kw library="Selenium2Library" name="Click Link">
<doc>Click on the link identified by &lt;b&gt;locator&lt;/b&gt;.&lt;br&gt;</doc>
<arguments>
<arg>xpath=.//ul[@id='side-menu']/li[2]/ul/li[2]/a</arg>
</arguments>
<msg level="INFO" timestamp="20171009 15:14:33.299">Clicking link 'xpath=.//ul[@id='side-menu']/li[2]/ul/li[2]/a'.</msg>
<status endtime="20171009 15:14:34.762" starttime="20171009 15:14:33.296" status="PASS"></status>
</kw>
<kw library="Selenium2Library" name="Input Text">
<doc>Types the given &lt;b&gt;text&lt;/b&gt; into the text field identified by</doc>
<arguments>
<arg>name_ar</arg>
<arg>ستاد ريبوت</arg>
</arguments>
<msg level="INFO" timestamp="20171009 15:14:34.765">Typing text '???? ?????' into text field 'name_ar'</msg>
<status endtime="20171009 15:14:34.871" starttime="20171009 15:14:34.763" status="PASS"></status>
</kw>
<kw library="Selenium2Library" name="Input Text">
<doc>Types the given &lt;b&gt;text&lt;/b&gt; into the text field identified by</doc>
<arguments>
<arg>name_en</arg>
<arg>RobotFramework Stadium</arg>
</arguments>
<msg level="INFO" timestamp="20171009 15:14:34.873">Typing text 'RobotFramework Stadium' into text field 'name_en'</msg>
<status endtime="20171009 15:14:35.007" starttime="20171009 15:14:34.871" status="PASS"></status>
</kw>
<kw library="Selenium2Library" name="Input Text">
<doc>Types the given &lt;b&gt;text&lt;/b&gt; into the text field identified by</doc>
<arguments>
<arg>city_ar</arg>
<arg>القاهرة</arg>
</arguments>
<msg level="INFO" timestamp="20171009 15:14:35.010">Typing text '???????' into text field 'city_ar'</msg>
<status endtime="20171009 15:14:35.098" starttime="20171009 15:14:35.008" status="PASS"></status>
</kw>
<kw library="Selenium2Library" name="Input Text">
<doc>Types the given &lt;b&gt;text&lt;/b&gt; into the text field identified by</doc>
<arguments>
<arg>city_en</arg>
<arg>Cairo</arg>
</arguments>
<msg level="INFO" timestamp="20171009 15:14:35.101">Typing text 'Cairo' into text field 'city_en'</msg>
<status endtime="20171009 15:14:35.180" starttime="20171009 15:14:35.098" status="PASS"></status>
</kw>
<kw library="Selenium2Library" name="Input Text">
<doc>Types the given &lt;b&gt;text&lt;/b&gt; into the text field identified by</doc>
<arguments>
<arg>addr_ar</arg>
<arg>مدينة نصر</arg>
</arguments>
<msg level="INFO" timestamp="20171009 15:14:35.182">Typing text '????? ???' into text field 'addr_ar'</msg>
<status endtime="20171009 15:14:35.276" starttime="20171009 15:14:35.180" status="PASS"></status>
</kw>
<kw library="Selenium2Library" name="Input Text">
<doc>Types the given &lt;b&gt;text&lt;/b&gt; into the text field identified by</doc>
<arguments>
<arg>addr_en</arg>
<arg>Nasr city</arg>
</arguments>
<msg level="INFO" timestamp="20171009 15:14:35.279">Typing text 'Nasr city' into text field 'addr_en'</msg>
<status endtime="20171009 15:14:35.372" starttime="20171009 15:14:35.277" status="PASS"></status>
</kw>
<kw library="Selenium2Library" name="Choose File">
<doc>Types the given &lt;b&gt;filePath&lt;/b&gt; into the input field identified by</doc>
<arguments>
<arg>uploadphoto</arg>
<arg>/Users/tatralab/Downloads/Stadium.jpeg</arg>
</arguments>
<status endtime="20171009 15:14:35.408" starttime="20171009 15:14:35.373" status="PASS"></status>
</kw>
<kw library="Selenium2Library" name="Click Button">
<doc>Click on the button identified by &lt;b&gt;locator&lt;/b&gt;.&lt;br&gt;</doc>
<arguments>
<arg>btn_submit</arg>
</arguments>
<msg level="INFO" timestamp="20171009 15:14:35.411">Clicking button 'btn_submit'.</msg>
<status endtime="20171009 15:14:38.152" starttime="20171009 15:14:35.408" status="PASS"></status>
</kw>
<kw library="Selenium2Library" name="Input Text">
<doc>Types the given &lt;b&gt;text&lt;/b&gt; into the text field identified by</doc>
<arguments>
<arg>txt_data</arg>
<arg>ستاد ريبوت</arg>
</arguments>
<msg level="INFO" timestamp="20171009 15:14:38.155">Typing text '???? ?????' into text field 'txt_data'</msg>
<status endtime="20171009 15:14:38.258" starttime="20171009 15:14:38.153" status="PASS"></status>
</kw>
<kw library="BuiltIn" name="Sleep">
<doc>Pauses the test executed for the given time.</doc>
<arguments>
<arg>5</arg>
</arguments>
<msg level="INFO" timestamp="20171009 15:14:43.262">Slept 5 seconds</msg>
<status endtime="20171009 15:14:43.263" starttime="20171009 15:14:38.259" status="PASS"></status>
</kw>
<kw library="Selenium2Library" name="Element Text Should Be">
<doc>Verify the text of the element identified by &lt;b&gt;locator&lt;/b&gt; is exactly</doc>
<arguments>
<arg>xpath=.//table[@id='dataTables-example2']/tbody/tr[2]/td[3]/samp</arg>
<arg>ستاد ريبوت</arg>
</arguments>
<status endtime="20171009 15:14:43.299" starttime="20171009 15:14:43.264" status="PASS"></status>
</kw>
<kw library="Selenium2Library" name="Close Browser">
<doc>Closes the current browser instance.&lt;br&gt;&lt;br&gt;&lt;b&gt;See Also:&lt;/b&gt;&lt;br&gt;&amp;nbsp;&amp;nbsp;&amp;nbsp;&amp;nbsp;`Close All Browsers`&lt;br&gt;&amp;nbsp;&amp;nbsp;&amp;nbsp;&amp;nbsp;`Open Browser`&lt;br&gt;&amp;nbsp;&amp;nbsp;&amp;nbsp;&amp;nbsp;`Switch Browser`&lt;br&gt;</doc>
<status endtime="20171009 15:14:43.863" starttime="20171009 15:14:43.300" status="PASS"></status>
</kw>
<doc>Check adding a new stadium</doc>
<status critical="yes" endtime="20171009 15:14:43.863" starttime="20171009 15:14:26.502" status="PASS"></status>
</test>
<test name="TC5: Editing created stadium" id="s1-s1-t5">
<kw library="Open Stadium Management Shared Steps" name="Shared Steps : Open Stadium Management">
<kw library="Selenium2Library" name="Open Browser">
<doc>Opens a new browser instance to given URL.&lt;br&gt;</doc>
<arguments>
<arg>${URL_Admin}</arg>
<arg>chrome</arg>
</arguments>
<msg level="INFO" timestamp="20171009 15:14:43.872">browserName: chrome</msg>
<msg level="INFO" timestamp="20171009 15:14:43.873">Opening browser 'chrome' to base url 'http://testapps.in/qjump/admin/'</msg>
<msg level="INFO" timestamp="20171009 15:14:47.835">Starting ChromeDriver 2.31.488774 (7e15618d1bf16df8bf0ecf2914ed1964a387ba0b) on port 37082
Only local connections are allowed.</msg>
<status endtime="20171009 15:14:47.836" starttime="20171009 15:14:43.868" status="PASS"></status>
</kw>
<kw library="Selenium2Library" name="Input Text">
<doc>Types the given &lt;b&gt;text&lt;/b&gt; into the text field identified by</doc>
<arguments>
<arg>email</arg>
<arg>${username_Admin}</arg>
</arguments>
<msg level="INFO" timestamp="20171009 15:14:47.839">Typing text 'admin@qjump.com' into text field 'email'</msg>
<status endtime="20171009 15:14:47.961" starttime="20171009 15:14:47.836" status="PASS"></status>
</kw>
<kw library="Selenium2Library" name="Input Text">
<doc>Types the given &lt;b&gt;text&lt;/b&gt; into the text field identified by</doc>
<arguments>
<arg>password</arg>
<arg>${password}</arg>
</arguments>
<msg level="INFO" timestamp="20171009 15:14:47.964">Typing text '123456' into text field 'password'</msg>
<status endtime="20171009 15:14:48.045" starttime="20171009 15:14:47.962" status="PASS"></status>
</kw>
<kw library="Selenium2Library" name="Click Button">
<doc>Click on the button identified by &lt;b&gt;locator&lt;/b&gt;.&lt;br&gt;</doc>
<arguments>
<arg>Login</arg>
</arguments>
<msg level="INFO" timestamp="20171009 15:14:48.048">Clicking button 'Login'.</msg>
<status endtime="20171009 15:14:50.673" starttime="20171009 15:14:48.046" status="PASS"></status>
</kw>
<kw library="Selenium2Library" name="Click Link">
<doc>Click on the link identified by &lt;b&gt;locator&lt;/b&gt;.&lt;br&gt;</doc>
<arguments>
<arg>Stadium Management</arg>
</arguments>
<msg level="INFO" timestamp="20171009 15:14:50.676">Clicking link 'Stadium Management'.</msg>
<status endtime="20171009 15:14:50.745" starttime="20171009 15:14:50.674" status="PASS"></status>
</kw>
<status endtime="20171009 15:14:50.746" starttime="20171009 15:14:43.867" status="PASS"></status>
</kw>
<kw library="Selenium2Library" name="Wait Until Element Is Visible">
<doc>Waits until the element identified by &lt;b&gt;locator&lt;/b&gt; is visible.&lt;br&gt;</doc>
<arguments>
<arg>xpath=.//ul[@id='side-menu']/li[2]/ul/li[1]/a</arg>
<arg>10</arg>
</arguments>
<status endtime="20171009 15:14:50.780" starttime="20171009 15:14:50.746" status="PASS"></status>
</kw>
<kw library="Selenium2Library" name="Click Link">
<doc>Click on the link identified by &lt;b&gt;locator&lt;/b&gt;.&lt;br&gt;</doc>
<arguments>
<arg>xpath=.//ul[@id='side-menu']/li[2]/ul/li[1]/a</arg>
</arguments>
<msg level="INFO" timestamp="20171009 15:14:50.782">Clicking link 'xpath=.//ul[@id='side-menu']/li[2]/ul/li[1]/a'.</msg>
<status endtime="20171009 15:14:51.649" starttime="20171009 15:14:50.781" status="PASS"></status>
</kw>
<kw library="Selenium2Library" name="Input Text">
<doc>Types the given &lt;b&gt;text&lt;/b&gt; into the text field identified by</doc>
<arguments>
<arg>txt_data</arg>
<arg>ستاد ريبوت</arg>
</arguments>
<msg level="INFO" timestamp="20171009 15:14:51.652">Typing text '???? ?????' into text field 'txt_data'</msg>
<status endtime="20171009 15:14:51.763" starttime="20171009 15:14:51.649" status="PASS"></status>
</kw>
<kw library="BuiltIn" name="Sleep">
<doc>Pauses the test executed for the given time.</doc>
<arguments>
<arg>5</arg>
</arguments>
<msg level="INFO" timestamp="20171009 15:14:56.764">Slept 5 seconds</msg>
<status endtime="20171009 15:14:56.766" starttime="20171009 15:14:51.764" status="PASS"></status>
</kw>
<kw library="Selenium2Library" name="Click Image">
<doc>Click on the image identified by &lt;b&gt;locator&lt;/b&gt;.&lt;br&gt;</doc>
<arguments>
<arg>images/user_edit.png</arg>
</arguments>
<msg level="INFO" timestamp="20171009 15:14:56.769">Clicking image 'images/user_edit.png'.</msg>
<status endtime="20171009 15:14:57.896" starttime="20171009 15:14:56.766" status="PASS"></status>
</kw>
<kw library="Selenium2Library" name="Clear Element Text">
<doc>Clears the text from element identified by &lt;b&gt;locator&lt;/b&gt;.&lt;br&gt;</doc>
<arguments>
<arg>name_ar</arg>
</arguments>
<status endtime="20171009 15:14:57.934" starttime="20171009 15:14:57.897" status="PASS"></status>
</kw>
<kw library="Selenium2Library" name="Input Text">
<doc>Types the given &lt;b&gt;text&lt;/b&gt; into the text field identified by</doc>
<arguments>
<arg>name_ar</arg>
<arg>ستاد ريبوت معدل</arg>
</arguments>
<msg level="INFO" timestamp="20171009 15:14:57.938">Typing text '???? ????? ????' into text field 'name_ar'</msg>
<status endtime="20171009 15:14:58.025" starttime="20171009 15:14:57.935" status="PASS"></status>
</kw>
<kw library="Selenium2Library" name="Click Button">
<doc>Click on the button identified by &lt;b&gt;locator&lt;/b&gt;.&lt;br&gt;</doc>
<arguments>
<arg>btn_submit</arg>
</arguments>
<msg level="INFO" timestamp="20171009 15:14:58.027">Clicking button 'btn_submit'.</msg>
<status endtime="20171009 15:14:59.324" starttime="20171009 15:14:58.025" status="PASS"></status>
</kw>
<kw library="Selenium2Library" name="Input Text">
<doc>Types the given &lt;b&gt;text&lt;/b&gt; into the text field identified by</doc>
<arguments>
<arg>txt_data</arg>
<arg>ستاد ريبوت معدل</arg>
</arguments>
<msg level="INFO" timestamp="20171009 15:14:59.326">Typing text '???? ????? ????' into text field 'txt_data'</msg>
<status endtime="20171009 15:14:59.424" starttime="20171009 15:14:59.324" status="PASS"></status>
</kw>
<kw library="BuiltIn" name="Sleep">
<doc>Pauses the test executed for the given time.</doc>
<arguments>
<arg>5</arg>
</arguments>
<msg level="INFO" timestamp="20171009 15:15:04.425">Slept 5 seconds</msg>
<status endtime="20171009 15:15:04.427" starttime="20171009 15:14:59.425" status="PASS"></status>
</kw>
<kw library="Selenium2Library" name="Element Text Should Be">
<doc>Verify the text of the element identified by &lt;b&gt;locator&lt;/b&gt; is exactly</doc>
<arguments>
<arg>xpath=.//table[@id='dataTables-example2']/tbody/tr[2]/td[3]/samp</arg>
<arg>ستاد ريبوت معدل</arg>
</arguments>
<status endtime="20171009 15:15:04.465" starttime="20171009 15:15:04.428" status="PASS"></status>
</kw>
<kw library="Selenium2Library" name="Close Browser">
<doc>Closes the current browser instance.&lt;br&gt;&lt;br&gt;&lt;b&gt;See Also:&lt;/b&gt;&lt;br&gt;&amp;nbsp;&amp;nbsp;&amp;nbsp;&amp;nbsp;`Close All Browsers`&lt;br&gt;&amp;nbsp;&amp;nbsp;&amp;nbsp;&amp;nbsp;`Open Browser`&lt;br&gt;&amp;nbsp;&amp;nbsp;&amp;nbsp;&amp;nbsp;`Switch Browser`&lt;br&gt;</doc>
<status endtime="20171009 15:15:05.032" starttime="20171009 15:15:04.465" status="PASS"></status>
</kw>
<doc>Check editing created stadium</doc>
<status critical="yes" endtime="20171009 15:15:05.033" starttime="20171009 15:14:43.864" status="PASS"></status>
</test>
<test name="TC6: Deleting created stadium" id="s1-s1-t6">
<kw library="Open Stadium Management Shared Steps" name="Shared Steps : Open Stadium Management">
<kw library="Selenium2Library" name="Open Browser">
<doc>Opens a new browser instance to given URL.&lt;br&gt;</doc>
<arguments>
<arg>${URL_Admin}</arg>
<arg>chrome</arg>
</arguments>
<msg level="INFO" timestamp="20171009 15:15:05.041">browserName: chrome</msg>
<msg level="INFO" timestamp="20171009 15:15:05.042">Opening browser 'chrome' to base url 'http://testapps.in/qjump/admin/'</msg>
<msg level="INFO" timestamp="20171009 15:15:08.519">Starting ChromeDriver 2.31.488774 (7e15618d1bf16df8bf0ecf2914ed1964a387ba0b) on port 22432
Only local connections are allowed.</msg>
<status endtime="20171009 15:15:08.519" starttime="20171009 15:15:05.036" status="PASS"></status>
</kw>
<kw library="Selenium2Library" name="Input Text">
<doc>Types the given &lt;b&gt;text&lt;/b&gt; into the text field identified by</doc>
<arguments>
<arg>email</arg>
<arg>${username_Admin}</arg>
</arguments>
<msg level="INFO" timestamp="20171009 15:15:08.522">Typing text 'admin@qjump.com' into text field 'email'</msg>
<status endtime="20171009 15:15:08.643" starttime="20171009 15:15:08.520" status="PASS"></status>
</kw>
<kw library="Selenium2Library" name="Input Text">
<doc>Types the given &lt;b&gt;text&lt;/b&gt; into the text field identified by</doc>
<arguments>
<arg>password</arg>
<arg>${password}</arg>
</arguments>
<msg level="INFO" timestamp="20171009 15:15:08.646">Typing text '123456' into text field 'password'</msg>
<status endtime="20171009 15:15:08.727" starttime="20171009 15:15:08.644" status="PASS"></status>
</kw>
<kw library="Selenium2Library" name="Click Button">
<doc>Click on the button identified by &lt;b&gt;locator&lt;/b&gt;.&lt;br&gt;</doc>
<arguments>
<arg>Login</arg>
</arguments>
<msg level="INFO" timestamp="20171009 15:15:08.729">Clicking button 'Login'.</msg>
<status endtime="20171009 15:15:11.610" starttime="20171009 15:15:08.727" status="PASS"></status>
</kw>
<kw library="Selenium2Library" name="Click Link">
<doc>Click on the link identified by &lt;b&gt;locator&lt;/b&gt;.&lt;br&gt;</doc>
<arguments>
<arg>Stadium Management</arg>
</arguments>
<msg level="INFO" timestamp="20171009 15:15:11.613">Clicking link 'Stadium Management'.</msg>
<status endtime="20171009 15:15:11.684" starttime="20171009 15:15:11.611" status="PASS"></status>
</kw>
<status endtime="20171009 15:15:11.684" starttime="20171009 15:15:05.035" status="PASS"></status>
</kw>
<kw library="Selenium2Library" name="Wait Until Element Is Visible">
<doc>Waits until the element identified by &lt;b&gt;locator&lt;/b&gt; is visible.&lt;br&gt;</doc>
<arguments>
<arg>xpath=.//ul[@id='side-menu']/li[2]/ul/li[1]/a</arg>
<arg>10</arg>
</arguments>
<status endtime="20171009 15:15:11.719" starttime="20171009 15:15:11.685" status="PASS"></status>
</kw>
<kw library="Selenium2Library" name="Click Link">
<doc>Click on the link identified by &lt;b&gt;locator&lt;/b&gt;.&lt;br&gt;</doc>
<arguments>
<arg>xpath=.//ul[@id='side-menu']/li[2]/ul/li[1]/a</arg>
</arguments>
<msg level="INFO" timestamp="20171009 15:15:11.721">Clicking link 'xpath=.//ul[@id='side-menu']/li[2]/ul/li[1]/a'.</msg>
<status endtime="20171009 15:15:12.900" starttime="20171009 15:15:11.720" status="PASS"></status>
</kw>
<kw library="Selenium2Library" name="Input Text">
<doc>Types the given &lt;b&gt;text&lt;/b&gt; into the text field identified by</doc>
<arguments>
<arg>txt_data</arg>
<arg>ستاد ريبوت معدل</arg>
</arguments>
<msg level="INFO" timestamp="20171009 15:15:12.903">Typing text '???? ????? ????' into text field 'txt_data'</msg>
<status endtime="20171009 15:15:13.023" starttime="20171009 15:15:12.901" status="PASS"></status>
</kw>
<kw library="BuiltIn" name="Sleep">
<doc>Pauses the test executed for the given time.</doc>
<arguments>
<arg>5</arg>
</arguments>
<msg level="INFO" timestamp="20171009 15:15:18.025">Slept 5 seconds</msg>
<status endtime="20171009 15:15:18.026" starttime="20171009 15:15:13.023" status="PASS"></status>
</kw>
<kw library="Selenium2Library" name="Choose Ok On Next Confirmation">
<doc>Ok will be selected the next time a confirmation dialog appears.&lt;br&gt;</doc>
<status endtime="20171009 15:15:18.029" starttime="20171009 15:15:18.027" status="PASS"></status>
</kw>
<kw library="Selenium2Library" name="Click Image">
<doc>Click on the image identified by &lt;b&gt;locator&lt;/b&gt;.&lt;br&gt;</doc>
<arguments>
<arg>images/trash.png</arg>
</arguments>
<msg level="INFO" timestamp="20171009 15:15:18.032">Clicking image 'images/trash.png'.</msg>
<status endtime="20171009 15:15:18.292" starttime="20171009 15:15:18.029" status="PASS"></status>
</kw>
<kw library="Selenium2Library" name="Confirm Action">
<doc>Dismisses currently shown confirmation dialog and returns its message.&lt;br&gt;</doc>
<status endtime="20171009 15:15:18.524" starttime="20171009 15:15:18.292" status="PASS"></status>
</kw>
<kw library="Selenium2Library" name="Input Text">
<doc>Types the given &lt;b&gt;text&lt;/b&gt; into the text field identified by</doc>
<arguments>
<arg>txt_data</arg>
<arg>ستاد ريبوت معدل</arg>
</arguments>
<msg level="INFO" timestamp="20171009 15:15:18.527">Typing text '???? ????? ????' into text field 'txt_data'</msg>
<status endtime="20171009 15:15:19.716" starttime="20171009 15:15:18.525" status="PASS"></status>
</kw>
<kw library="BuiltIn" name="Sleep">
<doc>Pauses the test executed for the given time.</doc>
<arguments>
<arg>5</arg>
</arguments>
<msg level="INFO" timestamp="20171009 15:15:24.719">Slept 5 seconds</msg>
<status endtime="20171009 15:15:24.721" starttime="20171009 15:15:19.717" status="PASS"></status>
</kw>
<kw library="Selenium2Library" name="Element Text Should Be">
<doc>Verify the text of the element identified by &lt;b&gt;locator&lt;/b&gt; is exactly</doc>
<arguments>
<arg>no_data_css</arg>
<arg>No Records Found</arg>
</arguments>
<status endtime="20171009 15:15:24.759" starttime="20171009 15:15:24.722" status="PASS"></status>
</kw>
<kw library="Selenium2Library" name="Close Browser">
<doc>Closes the current browser instance.&lt;br&gt;&lt;br&gt;&lt;b&gt;See Also:&lt;/b&gt;&lt;br&gt;&amp;nbsp;&amp;nbsp;&amp;nbsp;&amp;nbsp;`Close All Browsers`&lt;br&gt;&amp;nbsp;&amp;nbsp;&amp;nbsp;&amp;nbsp;`Open Browser`&lt;br&gt;&amp;nbsp;&amp;nbsp;&amp;nbsp;&amp;nbsp;`Switch Browser`&lt;br&gt;</doc>
<status endtime="20171009 15:15:25.322" starttime="20171009 15:15:24.760" status="PASS"></status>
</kw>
<doc>Check deleting created stadium</doc>
<status critical="yes" endtime="20171009 15:15:25.323" starttime="20171009 15:15:05.034" status="PASS"></status>
</test>
<test name="TC7: Adding new restaurant" id="s1-s1-t7">
<kw library="Open Stadium Management Shared Steps" name="Shared Steps : Open Restaurant Management">
<kw library="Selenium2Library" name="Open Browser">
<doc>Opens a new browser instance to given URL.&lt;br&gt;</doc>
<arguments>
<arg>${URL_Admin}</arg>
<arg>chrome</arg>
</arguments>
<msg level="INFO" timestamp="20171009 15:15:25.330">browserName: chrome</msg>
<msg level="INFO" timestamp="20171009 15:15:25.332">Opening browser 'chrome' to base url 'http://testapps.in/qjump/admin/'</msg>
<msg level="INFO" timestamp="20171009 15:15:28.656">Starting ChromeDriver 2.31.488774 (7e15618d1bf16df8bf0ecf2914ed1964a387ba0b) on port 47301
Only local connections are allowed.</msg>
<status endtime="20171009 15:15:28.656" starttime="20171009 15:15:25.328" status="PASS"></status>
</kw>
<kw library="Selenium2Library" name="Select Window">
<doc>Selects the window identified by &lt;b&gt;locator&lt;/b&gt; as the context of</doc>
<arguments>
<arg>Title=QJump Admin panel</arg>
</arguments>
<status endtime="20171009 15:15:28.741" starttime="20171009 15:15:28.657" status="PASS"></status>
</kw>
<kw library="Selenium2Library" name="Input Text">
<doc>Types the given &lt;b&gt;text&lt;/b&gt; into the text field identified by</doc>
<arguments>
<arg>email</arg>
<arg>${username_Admin}</arg>
</arguments>
<msg level="INFO" timestamp="20171009 15:15:28.744">Typing text 'admin@qjump.com' into text field 'email'</msg>
<status endtime="20171009 15:15:28.870" starttime="20171009 15:15:28.741" status="PASS"></status>
</kw>
<kw library="Selenium2Library" name="Input Text">
<doc>Types the given &lt;b&gt;text&lt;/b&gt; into the text field identified by</doc>
<arguments>
<arg>password</arg>
<arg>${password}</arg>
</arguments>
<msg level="INFO" timestamp="20171009 15:15:28.873">Typing text '123456' into text field 'password'</msg>
<status endtime="20171009 15:15:28.951" starttime="20171009 15:15:28.871" status="PASS"></status>
</kw>
<kw library="Selenium2Library" name="Click Button">
<doc>Click on the button identified by &lt;b&gt;locator&lt;/b&gt;.&lt;br&gt;</doc>
<arguments>
<arg>Login</arg>
</arguments>
<msg level="INFO" timestamp="20171009 15:15:28.954">Clicking button 'Login'.</msg>
<status endtime="20171009 15:15:31.692" starttime="20171009 15:15:28.952" status="PASS"></status>
</kw>
<kw library="Selenium2Library" name="Click Link">
<doc>Click on the link identified by &lt;b&gt;locator&lt;/b&gt;.&lt;br&gt;</doc>
<arguments>
<arg>Restaurant Management</arg>
</arguments>
<msg level="INFO" timestamp="20171009 15:15:31.695">Clicking link 'Restaurant Management'.</msg>
<status endtime="20171009 15:15:31.770" starttime="20171009 15:15:31.693" status="PASS"></status>
</kw>
<status endtime="20171009 15:15:31.771" starttime="20171009 15:15:25.326" status="PASS"></status>
</kw>
<kw library="Selenium2Library" name="Wait Until Element Is Visible">
<doc>Waits until the element identified by &lt;b&gt;locator&lt;/b&gt; is visible.&lt;br&gt;</doc>
<arguments>
<arg>xpath=.//ul[@id='side-menu']/li[3]/ul/li[2]/a</arg>
<arg>10</arg>
</arguments>
<status endtime="20171009 15:15:32.021" starttime="20171009 15:15:31.771" status="PASS"></status>
</kw>
<kw library="Selenium2Library" name="Click Link">
<doc>Click on the link identified by &lt;b&gt;locator&lt;/b&gt;.&lt;br&gt;</doc>
<arguments>
<arg>xpath=.//ul[@id='side-menu']/li[3]/ul/li[2]/a</arg>
</arguments>
<msg level="INFO" timestamp="20171009 15:15:32.023">Clicking link 'xpath=.//ul[@id='side-menu']/li[3]/ul/li[2]/a'.</msg>
<status endtime="20171009 15:15:33.092" starttime="20171009 15:15:32.021" status="PASS"></status>
</kw>
<kw library="Selenium2Library" name="Input Text">
<doc>Types the given &lt;b&gt;text&lt;/b&gt; into the text field identified by</doc>
<arguments>
<arg>name_ar</arg>
<arg>مطعم ريبوت</arg>
</arguments>
<msg level="INFO" timestamp="20171009 15:15:33.095">Typing text '???? ?????' into text field 'name_ar'</msg>
<status endtime="20171009 15:15:33.230" starttime="20171009 15:15:33.092" status="PASS"></status>
</kw>
<kw library="Selenium2Library" name="Input Text">
<doc>Types the given &lt;b&gt;text&lt;/b&gt; into the text field identified by</doc>
<arguments>
<arg>name_en</arg>
<arg>Robot Restaurant</arg>
</arguments>
<msg level="INFO" timestamp="20171009 15:15:33.233">Typing text 'Robot Restaurant' into text field 'name_en'</msg>
<status endtime="20171009 15:15:33.365" starttime="20171009 15:15:33.231" status="PASS"></status>
</kw>
<kw library="Selenium2Library" name="Input Text">
<doc>Types the given &lt;b&gt;text&lt;/b&gt; into the text field identified by</doc>
<arguments>
<arg>description_ar</arg>
<arg>مطعم ريبوت يقدم اشهي الماكولات</arg>
</arguments>
<msg level="INFO" timestamp="20171009 15:15:33.367">Typing text '???? ????? ???? ???? ?????????' into text field 'description_ar'</msg>
<status endtime="20171009 15:15:33.521" starttime="20171009 15:15:33.365" status="PASS"></status>
</kw>
<kw library="Selenium2Library" name="Input Text">
<doc>Types the given &lt;b&gt;text&lt;/b&gt; into the text field identified by</doc>
<arguments>
<arg>description_en</arg>
<arg>Robot Restaurant presents the best meals</arg>
</arguments>
<msg level="INFO" timestamp="20171009 15:15:33.524">Typing text 'Robot Restaurant presents the best meals' into text field 'description_en'</msg>
<status endtime="20171009 15:15:33.704" starttime="20171009 15:15:33.522" status="PASS"></status>
</kw>
<kw library="Selenium2Library" name="Choose File">
<doc>Types the given &lt;b&gt;filePath&lt;/b&gt; into the input field identified by</doc>
<arguments>
<arg>uploadphoto</arg>
<arg>/Users/tatralab/Downloads/Restaurant.jpeg</arg>
</arguments>
<status endtime="20171009 15:15:33.743" starttime="20171009 15:15:33.705" status="PASS"></status>
</kw>
<kw library="Selenium2Library" name="Input Text">
<doc>Types the given &lt;b&gt;text&lt;/b&gt; into the text field identified by</doc>
<arguments>
<arg>txt_username</arg>
<arg>m.zahran@softcare.io</arg>
</arguments>
<msg level="INFO" timestamp="20171009 15:15:33.746">Typing text 'm.zahran@softcare.io' into text field 'txt_username'</msg>
<status endtime="20171009 15:15:33.890" starttime="20171009 15:15:33.744" status="PASS"></status>
</kw>
<kw library="Selenium2Library" name="Input Text">
<doc>Types the given &lt;b&gt;text&lt;/b&gt; into the text field identified by</doc>
<arguments>
<arg>txt_password</arg>
<arg>123456</arg>
</arguments>
<msg level="INFO" timestamp="20171009 15:15:33.894">Typing text '123456' into text field 'txt_password'</msg>
<status endtime="20171009 15:15:33.978" starttime="20171009 15:15:33.890" status="PASS"></status>
</kw>
<kw library="Selenium2Library" name="Input Text">
<doc>Types the given &lt;b&gt;text&lt;/b&gt; into the text field identified by</doc>
<arguments>
<arg>txt_c_password</arg>
<arg>123456</arg>
</arguments>
<msg level="INFO" timestamp="20171009 15:15:33.980">Typing text '123456' into text field 'txt_c_password'</msg>
<status endtime="20171009 15:15:34.062" starttime="20171009 15:15:33.979" status="PASS"></status>
</kw>
<kw library="Selenium2Library" name="Input Text">
<doc>Types the given &lt;b&gt;text&lt;/b&gt; into the text field identified by</doc>
<arguments>
<arg>txt_contact</arg>
<arg>11112233233432</arg>
</arguments>
<msg level="INFO" timestamp="20171009 15:15:34.064">Typing text '11112233233432' into text field 'txt_contact'</msg>
<status endtime="20171009 15:15:34.182" starttime="20171009 15:15:34.062" status="PASS"></status>
</kw>
<kw library="Selenium2Library" name="Click Button">
<doc>Click on the button identified by &lt;b&gt;locator&lt;/b&gt;.&lt;br&gt;</doc>
<arguments>
<arg>btn_submit</arg>
</arguments>
<msg level="INFO" timestamp="20171009 15:15:34.184">Clicking button 'btn_submit'.</msg>
<status endtime="20171009 15:15:36.284" starttime="20171009 15:15:34.182" status="PASS"></status>
</kw>
<kw library="Selenium2Library" name="Input Text">
<doc>Types the given &lt;b&gt;text&lt;/b&gt; into the text field identified by</doc>
<arguments>
<arg>txt_data</arg>
<arg>مطعم ريبوت</arg>
</arguments>
<msg level="INFO" timestamp="20171009 15:15:36.287">Typing text '???? ?????' into text field 'txt_data'</msg>
<status endtime="20171009 15:15:36.386" starttime="20171009 15:15:36.285" status="PASS"></status>
</kw>
<kw library="BuiltIn" name="Sleep">
<doc>Pauses the test executed for the given time.</doc>
<arguments>
<arg>5</arg>
</arguments>
<msg level="INFO" timestamp="20171009 15:15:41.388">Slept 5 seconds</msg>
<status endtime="20171009 15:15:41.390" starttime="20171009 15:15:36.387" status="PASS"></status>
</kw>
<kw library="Selenium2Library" name="Element Text Should Be">
<doc>Verify the text of the element identified by &lt;b&gt;locator&lt;/b&gt; is exactly</doc>
<arguments>
<arg>xpath=.//table[@id='dataTables-example2']/tbody/tr[2]/td[3]/samp</arg>
<arg>مطعم ريبوت</arg>
</arguments>
<status endtime="20171009 15:15:41.426" starttime="20171009 15:15:41.390" status="PASS"></status>
</kw>
<kw library="Selenium2Library" name="Close Browser">
<doc>Closes the current browser instance.&lt;br&gt;&lt;br&gt;&lt;b&gt;See Also:&lt;/b&gt;&lt;br&gt;&amp;nbsp;&amp;nbsp;&amp;nbsp;&amp;nbsp;`Close All Browsers`&lt;br&gt;&amp;nbsp;&amp;nbsp;&amp;nbsp;&amp;nbsp;`Open Browser`&lt;br&gt;&amp;nbsp;&amp;nbsp;&amp;nbsp;&amp;nbsp;`Switch Browser`&lt;br&gt;</doc>
<status endtime="20171009 15:15:41.989" starttime="20171009 15:15:41.426" status="PASS"></status>
</kw>
<doc>Check adding new restaurant</doc>
<status critical="yes" endtime="20171009 15:15:41.990" starttime="20171009 15:15:25.324" status="PASS"></status>
</test>
<test name="TC8: Editing created restaurant" id="s1-s1-t8">
<kw library="Open Stadium Management Shared Steps" name="Shared Steps : Open Restaurant Management">
<kw library="Selenium2Library" name="Open Browser">
<doc>Opens a new browser instance to given URL.&lt;br&gt;</doc>
<arguments>
<arg>${URL_Admin}</arg>
<arg>chrome</arg>
</arguments>
<msg level="INFO" timestamp="20171009 15:15:41.996">browserName: chrome</msg>
<msg level="INFO" timestamp="20171009 15:15:41.998">Opening browser 'chrome' to base url 'http://testapps.in/qjump/admin/'</msg>
<msg level="INFO" timestamp="20171009 15:15:45.693">Starting ChromeDriver 2.31.488774 (7e15618d1bf16df8bf0ecf2914ed1964a387ba0b) on port 23732
Only local connections are allowed.</msg>
<status endtime="20171009 15:15:45.693" starttime="20171009 15:15:41.994" status="PASS"></status>
</kw>
<kw library="Selenium2Library" name="Select Window">
<doc>Selects the window identified by &lt;b&gt;locator&lt;/b&gt; as the context of</doc>
<arguments>
<arg>Title=QJump Admin panel</arg>
</arguments>
<status endtime="20171009 15:15:45.790" starttime="20171009 15:15:45.694" status="PASS"></status>
</kw>
<kw library="Selenium2Library" name="Input Text">
<doc>Types the given &lt;b&gt;text&lt;/b&gt; into the text field identified by</doc>
<arguments>
<arg>email</arg>
<arg>${username_Admin}</arg>
</arguments>
<msg level="INFO" timestamp="20171009 15:15:45.793">Typing text 'admin@qjump.com' into text field 'email'</msg>
<status endtime="20171009 15:15:45.911" starttime="20171009 15:15:45.791" status="PASS"></status>
</kw>
<kw library="Selenium2Library" name="Input Text">
<doc>Types the given &lt;b&gt;text&lt;/b&gt; into the text field identified by</doc>
<arguments>
<arg>password</arg>
<arg>${password}</arg>
</arguments>
<msg level="INFO" timestamp="20171009 15:15:45.914">Typing text '123456' into text field 'password'</msg>
<status endtime="20171009 15:15:45.991" starttime="20171009 15:15:45.912" status="PASS"></status>
</kw>
<kw library="Selenium2Library" name="Click Button">
<doc>Click on the button identified by &lt;b&gt;locator&lt;/b&gt;.&lt;br&gt;</doc>
<arguments>
<arg>Login</arg>
</arguments>
<msg level="INFO" timestamp="20171009 15:15:45.994">Clicking button 'Login'.</msg>
<status endtime="20171009 15:15:48.492" starttime="20171009 15:15:45.992" status="PASS"></status>
</kw>
<kw library="Selenium2Library" name="Click Link">
<doc>Click on the link identified by &lt;b&gt;locator&lt;/b&gt;.&lt;br&gt;</doc>
<arguments>
<arg>Restaurant Management</arg>
</arguments>
<msg level="INFO" timestamp="20171009 15:15:48.495">Clicking link 'Restaurant Management'.</msg>
<status endtime="20171009 15:15:48.567" starttime="20171009 15:15:48.492" status="PASS"></status>
</kw>
<status endtime="20171009 15:15:48.567" starttime="20171009 15:15:41.993" status="PASS"></status>
</kw>
<kw library="Selenium2Library" name="Wait Until Element Is Visible">
<doc>Waits until the element identified by &lt;b&gt;locator&lt;/b&gt; is visible.&lt;br&gt;</doc>
<arguments>
<arg>xpath=.//ul[@id='side-menu']/li[3]/ul/li[1]/a</arg>
<arg>10</arg>
</arguments>
<status endtime="20171009 15:15:48.601" starttime="20171009 15:15:48.568" status="PASS"></status>
</kw>
<kw library="Selenium2Library" name="Click Link">
<doc>Click on the link identified by &lt;b&gt;locator&lt;/b&gt;.&lt;br&gt;</doc>
<arguments>
<arg>xpath=.//ul[@id='side-menu']/li[3]/ul/li[1]/a</arg>
</arguments>
<msg level="INFO" timestamp="20171009 15:15:48.603">Clicking link 'xpath=.//ul[@id='side-menu']/li[3]/ul/li[1]/a'.</msg>
<status endtime="20171009 15:15:49.614" starttime="20171009 15:15:48.602" status="PASS"></status>
</kw>
<kw library="Selenium2Library" name="Input Text">
<doc>Types the given &lt;b&gt;text&lt;/b&gt; into the text field identified by</doc>
<arguments>
<arg>txt_data</arg>
<arg>مطعم ريبوت</arg>
</arguments>
<msg level="INFO" timestamp="20171009 15:15:49.616">Typing text '???? ?????' into text field 'txt_data'</msg>
<status endtime="20171009 15:15:49.726" starttime="20171009 15:15:49.614" status="PASS"></status>
</kw>
<kw library="BuiltIn" name="Sleep">
<doc>Pauses the test executed for the given time.</doc>
<arguments>
<arg>5</arg>
</arguments>
<msg level="INFO" timestamp="20171009 15:15:54.730">Slept 5 seconds</msg>
<status endtime="20171009 15:15:54.732" starttime="20171009 15:15:49.728" status="PASS"></status>
</kw>
<kw library="Selenium2Library" name="Click Image">
<doc>Click on the image identified by &lt;b&gt;locator&lt;/b&gt;.&lt;br&gt;</doc>
<arguments>
<arg>images/user_edit.png</arg>
</arguments>
<msg level="INFO" timestamp="20171009 15:15:54.736">Clicking image 'images/user_edit.png'.</msg>
<status endtime="20171009 15:15:56.018" starttime="20171009 15:15:54.733" status="PASS"></status>
</kw>
<kw library="Selenium2Library" name="Clear Element Text">
<doc>Clears the text from element identified by &lt;b&gt;locator&lt;/b&gt;.&lt;br&gt;</doc>
<arguments>
<arg>name_ar</arg>
</arguments>
<status endtime="20171009 15:15:56.061" starttime="20171009 15:15:56.019" status="PASS"></status>
</kw>
<kw library="Selenium2Library" name="Input Text">
<doc>Types the given &lt;b&gt;text&lt;/b&gt; into the text field identified by</doc>
<arguments>
<arg>name_ar</arg>
<arg>مطعم ريبوت معدل</arg>
</arguments>
<msg level="INFO" timestamp="20171009 15:15:56.064">Typing text '???? ????? ????' into text field 'name_ar'</msg>
<status endtime="20171009 15:15:56.164" starttime="20171009 15:15:56.061" status="PASS"></status>
</kw>
<kw library="Selenium2Library" name="Click Button">
<doc>Click on the button identified by &lt;b&gt;locator&lt;/b&gt;.&lt;br&gt;</doc>
<arguments>
<arg>btn_submit</arg>
</arguments>
<msg level="INFO" timestamp="20171009 15:15:56.166">Clicking button 'btn_submit'.</msg>
<status endtime="20171009 15:15:57.483" starttime="20171009 15:15:56.164" status="PASS"></status>
</kw>
<kw library="Selenium2Library" name="Input Text">
<doc>Types the given &lt;b&gt;text&lt;/b&gt; into the text field identified by</doc>
<arguments>
<arg>txt_data</arg>
<arg>مطعم ريبوت معدل</arg>
</arguments>
<msg level="INFO" timestamp="20171009 15:15:57.486">Typing text '???? ????? ????' into text field 'txt_data'</msg>
<status endtime="20171009 15:15:57.591" starttime="20171009 15:15:57.483" status="PASS"></status>
</kw>
<kw library="BuiltIn" name="Sleep">
<doc>Pauses the test executed for the given time.</doc>
<arguments>
<arg>5</arg>
</arguments>
<msg level="INFO" timestamp="20171009 15:16:02.594">Slept 5 seconds</msg>
<status endtime="20171009 15:16:02.595" starttime="20171009 15:15:57.592" status="PASS"></status>
</kw>
<kw library="Selenium2Library" name="Element Text Should Be">
<doc>Verify the text of the element identified by &lt;b&gt;locator&lt;/b&gt; is exactly</doc>
<arguments>
<arg>xpath=.//table[@id='dataTables-example2']/tbody/tr[2]/td[3]/samp</arg>
<arg>مطعم ريبوت معدل</arg>
</arguments>
<status endtime="20171009 15:16:02.631" starttime="20171009 15:16:02.595" status="PASS"></status>
</kw>
<kw library="Selenium2Library" name="Close Browser">
<doc>Closes the current browser instance.&lt;br&gt;&lt;br&gt;&lt;b&gt;See Also:&lt;/b&gt;&lt;br&gt;&amp;nbsp;&amp;nbsp;&amp;nbsp;&amp;nbsp;`Close All Browsers`&lt;br&gt;&amp;nbsp;&amp;nbsp;&amp;nbsp;&amp;nbsp;`Open Browser`&lt;br&gt;&amp;nbsp;&amp;nbsp;&amp;nbsp;&amp;nbsp;`Switch Browser`&lt;br&gt;</doc>
<status endtime="20171009 15:16:03.196" starttime="20171009 15:16:02.631" status="PASS"></status>
</kw>
<doc>Check editing created restaurant</doc>
<status critical="yes" endtime="20171009 15:16:03.197" starttime="20171009 15:15:41.991" status="PASS"></status>
</test>
<test name="TC9 : Deleting created restaurant" id="s1-s1-t9">
<kw library="Open Stadium Management Shared Steps" name="Shared Steps : Open Restaurant Management">
<kw library="Selenium2Library" name="Open Browser">
<doc>Opens a new browser instance to given URL.&lt;br&gt;</doc>
<arguments>
<arg>${URL_Admin}</arg>
<arg>chrome</arg>
</arguments>
<msg level="INFO" timestamp="20171009 15:16:03.204">browserName: chrome</msg>
<msg level="INFO" timestamp="20171009 15:16:03.205">Opening browser 'chrome' to base url 'http://testapps.in/qjump/admin/'</msg>
<msg level="INFO" timestamp="20171009 15:16:06.714">Starting ChromeDriver 2.31.488774 (7e15618d1bf16df8bf0ecf2914ed1964a387ba0b) on port 44377
Only local connections are allowed.</msg>
<status endtime="20171009 15:16:06.715" starttime="20171009 15:16:03.202" status="PASS"></status>
</kw>
<kw library="Selenium2Library" name="Select Window">
<doc>Selects the window identified by &lt;b&gt;locator&lt;/b&gt; as the context of</doc>
<arguments>
<arg>Title=QJump Admin panel</arg>
</arguments>
<status endtime="20171009 15:16:06.794" starttime="20171009 15:16:06.715" status="PASS"></status>
</kw>
<kw library="Selenium2Library" name="Input Text">
<doc>Types the given &lt;b&gt;text&lt;/b&gt; into the text field identified by</doc>
<arguments>
<arg>email</arg>
<arg>${username_Admin}</arg>
</arguments>
<msg level="INFO" timestamp="20171009 15:16:06.797">Typing text 'admin@qjump.com' into text field 'email'</msg>
<status endtime="20171009 15:16:06.924" starttime="20171009 15:16:06.795" status="PASS"></status>
</kw>
<kw library="Selenium2Library" name="Input Text">
<doc>Types the given &lt;b&gt;text&lt;/b&gt; into the text field identified by</doc>
<arguments>
<arg>password</arg>
<arg>${password}</arg>
</arguments>
<msg level="INFO" timestamp="20171009 15:16:06.927">Typing text '123456' into text field 'password'</msg>
<status endtime="20171009 15:16:07.007" starttime="20171009 15:16:06.925" status="PASS"></status>
</kw>
<kw library="Selenium2Library" name="Click Button">
<doc>Click on the button identified by &lt;b&gt;locator&lt;/b&gt;.&lt;br&gt;</doc>
<arguments>
<arg>Login</arg>
</arguments>
<msg level="INFO" timestamp="20171009 15:16:07.010">Clicking button 'Login'.</msg>
<status endtime="20171009 15:16:09.692" starttime="20171009 15:16:07.007" status="PASS"></status>
</kw>
<kw library="Selenium2Library" name="Click Link">
<doc>Click on the link identified by &lt;b&gt;locator&lt;/b&gt;.&lt;br&gt;</doc>
<arguments>
<arg>Restaurant Management</arg>
</arguments>
<msg level="INFO" timestamp="20171009 15:16:09.695">Clicking link 'Restaurant Management'.</msg>
<status endtime="20171009 15:16:09.767" starttime="20171009 15:16:09.693" status="PASS"></status>
</kw>
<status endtime="20171009 15:16:09.768" starttime="20171009 15:16:03.200" status="PASS"></status>
</kw>
<kw library="Selenium2Library" name="Wait Until Element Is Visible">
<doc>Waits until the element identified by &lt;b&gt;locator&lt;/b&gt; is visible.&lt;br&gt;</doc>
<arguments>
<arg>xpath=.//ul[@id='side-menu']/li[3]/ul/li[1]/a</arg>
<arg>10</arg>
</arguments>
<status endtime="20171009 15:16:09.802" starttime="20171009 15:16:09.768" status="PASS"></status>
</kw>
<kw library="Selenium2Library" name="Click Link">
<doc>Click on the link identified by &lt;b&gt;locator&lt;/b&gt;.&lt;br&gt;</doc>
<arguments>
<arg>xpath=.//ul[@id='side-menu']/li[3]/ul/li[1]/a</arg>
</arguments>
<msg level="INFO" timestamp="20171009 15:16:09.805">Clicking link 'xpath=.//ul[@id='side-menu']/li[3]/ul/li[1]/a'.</msg>
<status endtime="20171009 15:16:10.712" starttime="20171009 15:16:09.803" status="PASS"></status>
</kw>
<kw library="Selenium2Library" name="Input Text">
<doc>Types the given &lt;b&gt;text&lt;/b&gt; into the text field identified by</doc>
<arguments>
<arg>txt_data</arg>
<arg>مطعم ريبوت معدل</arg>
</arguments>
<msg level="INFO" timestamp="20171009 15:16:10.715">Typing text '???? ????? ????' into text field 'txt_data'</msg>
<status endtime="20171009 15:16:10.841" starttime="20171009 15:16:10.713" status="PASS"></status>
</kw>
<kw library="BuiltIn" name="Sleep">
<doc>Pauses the test executed for the given time.</doc>
<arguments>
<arg>5</arg>
</arguments>
<msg level="INFO" timestamp="20171009 15:16:15.844">Slept 5 seconds</msg>
<status endtime="20171009 15:16:15.845" starttime="20171009 15:16:10.842" status="PASS"></status>
</kw>
<kw library="Selenium2Library" name="Choose Ok On Next Confirmation">
<doc>Ok will be selected the next time a confirmation dialog appears.&lt;br&gt;</doc>
<status endtime="20171009 15:16:15.847" starttime="20171009 15:16:15.846" status="PASS"></status>
</kw>
<kw library="Selenium2Library" name="Click Image">
<doc>Click on the image identified by &lt;b&gt;locator&lt;/b&gt;.&lt;br&gt;</doc>
<arguments>
<arg>images/trash.png</arg>
</arguments>
<msg level="INFO" timestamp="20171009 15:16:15.850">Clicking image 'images/trash.png'.</msg>
<status endtime="20171009 15:16:16.102" starttime="20171009 15:16:15.848" status="PASS"></status>
</kw>
<kw library="Selenium2Library" name="Confirm Action">
<doc>Dismisses currently shown confirmation dialog and returns its message.&lt;br&gt;</doc>
<status endtime="20171009 15:16:16.284" starttime="20171009 15:16:16.103" status="PASS"></status>
</kw>
<kw library="Selenium2Library" name="Input Text">
<doc>Types the given &lt;b&gt;text&lt;/b&gt; into the text field identified by</doc>
<arguments>
<arg>txt_data</arg>
<arg>مطعم ريبوت معدل</arg>
</arguments>
<msg level="INFO" timestamp="20171009 15:16:16.287">Typing text '???? ????? ????' into text field 'txt_data'</msg>
<status endtime="20171009 15:16:17.710" starttime="20171009 15:16:16.284" status="PASS"></status>
</kw>
<kw library="BuiltIn" name="Sleep">
<doc>Pauses the test executed for the given time.</doc>
<arguments>
<arg>5</arg>
</arguments>
<msg level="INFO" timestamp="20171009 15:16:22.713">Slept 5 seconds</msg>
<status endtime="20171009 15:16:22.714" starttime="20171009 15:16:17.711" status="PASS"></status>
</kw>
<kw library="Selenium2Library" name="Element Text Should Be">
<doc>Verify the text of the element identified by &lt;b&gt;locator&lt;/b&gt; is exactly</doc>
<arguments>
<arg>no_data_css</arg>
<arg>No Records Found</arg>
</arguments>
<status endtime="20171009 15:16:22.752" starttime="20171009 15:16:22.715" status="PASS"></status>
</kw>
<kw library="Selenium2Library" name="Close Browser">
<doc>Closes the current browser instance.&lt;br&gt;&lt;br&gt;&lt;b&gt;See Also:&lt;/b&gt;&lt;br&gt;&amp;nbsp;&amp;nbsp;&amp;nbsp;&amp;nbsp;`Close All Browsers`&lt;br&gt;&amp;nbsp;&amp;nbsp;&amp;nbsp;&amp;nbsp;`Open Browser`&lt;br&gt;&amp;nbsp;&amp;nbsp;&amp;nbsp;&amp;nbsp;`Switch Browser`&lt;br&gt;</doc>
<status endtime="20171009 15:16:23.316" starttime="20171009 15:16:22.753" status="PASS"></status>
</kw>
<doc>Check deleting created restaurant</doc>
<status critical="yes" endtime="20171009 15:16:23.317" starttime="20171009 15:16:03.198" status="PASS"></status>
</test>
<test name="TC10 : Adding new runner" id="s1-s1-t10">
<kw library="Open Stadium Management Shared Steps" name="Shared Steps : Open Runner Management">
<kw library="Selenium2Library" name="Open Browser">
<doc>Opens a new browser instance to given URL.&lt;br&gt;</doc>
<arguments>
<arg>${URL_Admin}</arg>
<arg>chrome</arg>
</arguments>
<msg level="INFO" timestamp="20171009 15:16:23.323">browserName: chrome</msg>
<msg level="INFO" timestamp="20171009 15:16:23.324">Opening browser 'chrome' to base url 'http://testapps.in/qjump/admin/'</msg>
<msg level="INFO" timestamp="20171009 15:16:27.303">Starting ChromeDriver 2.31.488774 (7e15618d1bf16df8bf0ecf2914ed1964a387ba0b) on port 22326
Only local connections are allowed.</msg>
<status endtime="20171009 15:16:27.304" starttime="20171009 15:16:23.321" status="PASS"></status>
</kw>
<kw library="Selenium2Library" name="Select Window">
<doc>Selects the window identified by &lt;b&gt;locator&lt;/b&gt; as the context of</doc>
<arguments>
<arg>Title=QJump Admin panel</arg>
</arguments>
<status endtime="20171009 15:16:27.392" starttime="20171009 15:16:27.304" status="PASS"></status>
</kw>
<kw library="Selenium2Library" name="Input Text">
<doc>Types the given &lt;b&gt;text&lt;/b&gt; into the text field identified by</doc>
<arguments>
<arg>email</arg>
<arg>${username_Admin}</arg>
</arguments>
<msg level="INFO" timestamp="20171009 15:16:27.395">Typing text 'admin@qjump.com' into text field 'email'</msg>
<status endtime="20171009 15:16:27.510" starttime="20171009 15:16:27.392" status="PASS"></status>
</kw>
<kw library="Selenium2Library" name="Input Text">
<doc>Types the given &lt;b&gt;text&lt;/b&gt; into the text field identified by</doc>
<arguments>
<arg>password</arg>
<arg>${password}</arg>
</arguments>
<msg level="INFO" timestamp="20171009 15:16:27.512">Typing text '123456' into text field 'password'</msg>
<status endtime="20171009 15:16:27.591" starttime="20171009 15:16:27.510" status="PASS"></status>
</kw>
<kw library="Selenium2Library" name="Click Button">
<doc>Click on the button identified by &lt;b&gt;locator&lt;/b&gt;.&lt;br&gt;</doc>
<arguments>
<arg>Login</arg>
</arguments>
<msg level="INFO" timestamp="20171009 15:16:27.594">Clicking button 'Login'.</msg>
<status endtime="20171009 15:16:30.353" starttime="20171009 15:16:27.592" status="PASS"></status>
</kw>
<kw library="Selenium2Library" name="Click Link">
<doc>Click on the link identified by &lt;b&gt;locator&lt;/b&gt;.&lt;br&gt;</doc>
<arguments>
<arg>Runner Management</arg>
</arguments>
<msg level="INFO" timestamp="20171009 15:16:30.356">Clicking link 'Runner Management'.</msg>
<status endtime="20171009 15:16:30.429" starttime="20171009 15:16:30.354" status="PASS"></status>
</kw>
<status endtime="20171009 15:16:30.429" starttime="20171009 15:16:23.320" status="PASS"></status>
</kw>
<kw library="Selenium2Library" name="Wait Until Element Is Visible">
<doc>Waits until the element identified by &lt;b&gt;locator&lt;/b&gt; is visible.&lt;br&gt;</doc>
<arguments>
<arg>xpath=.//ul[@id='side-menu']/li[4]/ul/li[2]/a</arg>
<arg>10</arg>
</arguments>
<status endtime="20171009 15:16:30.688" starttime="20171009 15:16:30.430" status="PASS"></status>
</kw>
<kw library="Selenium2Library" name="Click Link">
<doc>Click on the link identified by &lt;b&gt;locator&lt;/b&gt;.&lt;br&gt;</doc>
<arguments>
<arg>xpath=.//ul[@id='side-menu']/li[4]/ul/li[2]/a</arg>
</arguments>
<msg level="INFO" timestamp="20171009 15:16:30.691">Clicking link 'xpath=.//ul[@id='side-menu']/li[4]/ul/li[2]/a'.</msg>
<status endtime="20171009 15:16:31.917" starttime="20171009 15:16:30.689" status="PASS"></status>
</kw>
<kw library="Selenium2Library" name="Input Text">
<doc>Types the given &lt;b&gt;text&lt;/b&gt; into the text field identified by</doc>
<arguments>
<arg>name_ar</arg>
<arg>موصل طلبات</arg>
</arguments>
<msg level="INFO" timestamp="20171009 15:16:31.920">Typing text '???? ?????' into text field 'name_ar'</msg>
<status endtime="20171009 15:16:32.042" starttime="20171009 15:16:31.918" status="PASS"></status>
</kw>
<kw library="Selenium2Library" name="Input Text">
<doc>Types the given &lt;b&gt;text&lt;/b&gt; into the text field identified by</doc>
<arguments>
<arg>name_en</arg>
<arg>Robot Runner</arg>
</arguments>
<msg level="INFO" timestamp="20171009 15:16:32.044">Typing text 'Robot Runner' into text field 'name_en'</msg>
<status endtime="20171009 15:16:32.145" starttime="20171009 15:16:32.042" status="PASS"></status>
</kw>
<kw library="Selenium2Library" name="Choose File">
<doc>Types the given &lt;b&gt;filePath&lt;/b&gt; into the input field identified by</doc>
<arguments>
<arg>uploadphoto</arg>
<arg>/Users/tatralab/Downloads/My Image.jpg</arg>
</arguments>
<status endtime="20171009 15:16:32.179" starttime="20171009 15:16:32.146" status="PASS"></status>
</kw>
<kw library="Selenium2Library" name="Input Text">
<doc>Types the given &lt;b&gt;text&lt;/b&gt; into the text field identified by</doc>
<arguments>
<arg>txt_username</arg>
<arg>m.zahran@softcare.io</arg>
</arguments>
<msg level="INFO" timestamp="20171009 15:16:32.182">Typing text 'm.zahran@softcare.io' into text field 'txt_username'</msg>
<status endtime="20171009 15:16:32.315" starttime="20171009 15:16:32.180" status="PASS"></status>
</kw>
<kw library="Selenium2Library" name="Input Text">
<doc>Types the given &lt;b&gt;text&lt;/b&gt; into the text field identified by</doc>
<arguments>
<arg>txt_password</arg>
<arg>123456</arg>
</arguments>
<msg level="INFO" timestamp="20171009 15:16:32.317">Typing text '123456' into text field 'txt_password'</msg>
<status endtime="20171009 15:16:32.402" starttime="20171009 15:16:32.315" status="PASS"></status>
</kw>
<kw library="Selenium2Library" name="Input Text">
<doc>Types the given &lt;b&gt;text&lt;/b&gt; into the text field identified by</doc>
<arguments>
<arg>txt_c_password</arg>
<arg>123456</arg>
</arguments>
<msg level="INFO" timestamp="20171009 15:16:32.405">Typing text '123456' into text field 'txt_c_password'</msg>
<status endtime="20171009 15:16:32.483" starttime="20171009 15:16:32.403" status="PASS"></status>
</kw>
<kw library="Selenium2Library" name="Input Text">
<doc>Types the given &lt;b&gt;text&lt;/b&gt; into the text field identified by</doc>
<arguments>
<arg>txt_contact</arg>
<arg>11112233233432</arg>
</arguments>
<msg level="INFO" timestamp="20171009 15:16:32.487">Typing text '11112233233432' into text field 'txt_contact'</msg>
<status endtime="20171009 15:16:32.597" starttime="20171009 15:16:32.484" status="PASS"></status>
</kw>
<kw library="Selenium2Library" name="Click Button">
<doc>Click on the button identified by &lt;b&gt;locator&lt;/b&gt;.&lt;br&gt;</doc>
<arguments>
<arg>btn_submit</arg>
</arguments>
<msg level="INFO" timestamp="20171009 15:16:32.600">Clicking button 'btn_submit'.</msg>
<status endtime="20171009 15:16:34.484" starttime="20171009 15:16:32.597" status="PASS"></status>
</kw>
<kw library="Selenium2Library" name="Input Text">
<doc>Types the given &lt;b&gt;text&lt;/b&gt; into the text field identified by</doc>
<arguments>
<arg>txt_data</arg>
<arg>موصل طلبات</arg>
</arguments>
<msg level="INFO" timestamp="20171009 15:16:34.488">Typing text '???? ?????' into text field 'txt_data'</msg>
<status endtime="20171009 15:16:34.589" starttime="20171009 15:16:34.485" status="PASS"></status>
</kw>
<kw library="BuiltIn" name="Sleep">
<doc>Pauses the test executed for the given time.</doc>
<arguments>
<arg>5</arg>
</arguments>
<msg level="INFO" timestamp="20171009 15:16:39.591">Slept 5 seconds</msg>
<status endtime="20171009 15:16:39.592" starttime="20171009 15:16:34.589" status="PASS"></status>
</kw>
<kw library="Selenium2Library" name="Element Text Should Be">
<doc>Verify the text of the element identified by &lt;b&gt;locator&lt;/b&gt; is exactly</doc>
<arguments>
<arg>xpath=.//table[@id='dataTables-example2']/tbody/tr[2]/td[3]/samp</arg>
<arg>موصل طلبات</arg>
</arguments>
<status endtime="20171009 15:16:39.630" starttime="20171009 15:16:39.593" status="PASS"></status>
</kw>
<kw library="Selenium2Library" name="Close Browser">
<doc>Closes the current browser instance.&lt;br&gt;&lt;br&gt;&lt;b&gt;See Also:&lt;/b&gt;&lt;br&gt;&amp;nbsp;&amp;nbsp;&amp;nbsp;&amp;nbsp;`Close All Browsers`&lt;br&gt;&amp;nbsp;&amp;nbsp;&amp;nbsp;&amp;nbsp;`Open Browser`&lt;br&gt;&amp;nbsp;&amp;nbsp;&amp;nbsp;&amp;nbsp;`Switch Browser`&lt;br&gt;</doc>
<status endtime="20171009 15:16:40.193" starttime="20171009 15:16:39.631" status="PASS"></status>
</kw>
<doc>Check adding new runner</doc>
<status critical="yes" endtime="20171009 15:16:40.193" starttime="20171009 15:16:23.318" status="PASS"></status>
</test>
<test name="TC11 : Editing created runner" id="s1-s1-t11">
<kw library="Open Stadium Management Shared Steps" name="Shared Steps : Open Runner Management">
<kw library="Selenium2Library" name="Open Browser">
<doc>Opens a new browser instance to given URL.&lt;br&gt;</doc>
<arguments>
<arg>${URL_Admin}</arg>
<arg>chrome</arg>
</arguments>
<msg level="INFO" timestamp="20171009 15:16:40.199">browserName: chrome</msg>
<msg level="INFO" timestamp="20171009 15:16:40.200">Opening browser 'chrome' to base url 'http://testapps.in/qjump/admin/'</msg>
<msg level="INFO" timestamp="20171009 15:16:43.677">Starting ChromeDriver 2.31.488774 (7e15618d1bf16df8bf0ecf2914ed1964a387ba0b) on port 17412
Only local connections are allowed.</msg>
<status endtime="20171009 15:16:43.678" starttime="20171009 15:16:40.197" status="PASS"></status>
</kw>
<kw library="Selenium2Library" name="Select Window">
<doc>Selects the window identified by &lt;b&gt;locator&lt;/b&gt; as the context of</doc>
<arguments>
<arg>Title=QJump Admin panel</arg>
</arguments>
<status endtime="20171009 15:16:43.765" starttime="20171009 15:16:43.678" status="PASS"></status>
</kw>
<kw library="Selenium2Library" name="Input Text">
<doc>Types the given &lt;b&gt;text&lt;/b&gt; into the text field identified by</doc>
<arguments>
<arg>email</arg>
<arg>${username_Admin}</arg>
</arguments>
<msg level="INFO" timestamp="20171009 15:16:43.768">Typing text 'admin@qjump.com' into text field 'email'</msg>
<status endtime="20171009 15:16:43.895" starttime="20171009 15:16:43.766" status="PASS"></status>
</kw>
<kw library="Selenium2Library" name="Input Text">
<doc>Types the given &lt;b&gt;text&lt;/b&gt; into the text field identified by</doc>
<arguments>
<arg>password</arg>
<arg>${password}</arg>
</arguments>
<msg level="INFO" timestamp="20171009 15:16:43.898">Typing text '123456' into text field 'password'</msg>
<status endtime="20171009 15:16:43.979" starttime="20171009 15:16:43.896" status="PASS"></status>
</kw>
<kw library="Selenium2Library" name="Click Button">
<doc>Click on the button identified by &lt;b&gt;locator&lt;/b&gt;.&lt;br&gt;</doc>
<arguments>
<arg>Login</arg>
</arguments>
<msg level="INFO" timestamp="20171009 15:16:43.982">Clicking button 'Login'.</msg>
<status endtime="20171009 15:16:47.209" starttime="20171009 15:16:43.980" status="PASS"></status>
</kw>
<kw library="Selenium2Library" name="Click Link">
<doc>Click on the link identified by &lt;b&gt;locator&lt;/b&gt;.&lt;br&gt;</doc>
<arguments>
<arg>Runner Management</arg>
</arguments>
<msg level="INFO" timestamp="20171009 15:16:47.213">Clicking link 'Runner Management'.</msg>
<status endtime="20171009 15:16:47.289" starttime="20171009 15:16:47.210" status="PASS"></status>
</kw>
<status endtime="20171009 15:16:47.290" starttime="20171009 15:16:40.196" status="PASS"></status>
</kw>
<kw library="Selenium2Library" name="Wait Until Element Is Visible">
<doc>Waits until the element identified by &lt;b&gt;locator&lt;/b&gt; is visible.&lt;br&gt;</doc>
<arguments>
<arg>xpath=.//ul[@id='side-menu']/li[4]/ul/li[1]/a</arg>
<arg>10</arg>
</arguments>
<status endtime="20171009 15:16:47.323" starttime="20171009 15:16:47.290" status="PASS"></status>
</kw>
<kw library="Selenium2Library" name="Click Link">
<doc>Click on the link identified by &lt;b&gt;locator&lt;/b&gt;.&lt;br&gt;</doc>
<arguments>
<arg>xpath=.//ul[@id='side-menu']/li[4]/ul/li[1]/a</arg>
</arguments>
<msg level="INFO" timestamp="20171009 15:16:47.325">Clicking link 'xpath=.//ul[@id='side-menu']/li[4]/ul/li[1]/a'.</msg>
<status endtime="20171009 15:16:48.511" starttime="20171009 15:16:47.323" status="PASS"></status>
</kw>
<kw library="Selenium2Library" name="Input Text">
<doc>Types the given &lt;b&gt;text&lt;/b&gt; into the text field identified by</doc>
<arguments>
<arg>txt_data</arg>
<arg>موصل طلبات</arg>
</arguments>
<msg level="INFO" timestamp="20171009 15:16:48.514">Typing text '???? ?????' into text field 'txt_data'</msg>
<status endtime="20171009 15:16:48.624" starttime="20171009 15:16:48.512" status="PASS"></status>
</kw>
<kw library="BuiltIn" name="Sleep">
<doc>Pauses the test executed for the given time.</doc>
<arguments>
<arg>5</arg>
</arguments>
<msg level="INFO" timestamp="20171009 15:16:53.625">Slept 5 seconds</msg>
<status endtime="20171009 15:16:53.626" starttime="20171009 15:16:48.624" status="PASS"></status>
</kw>
<kw library="Selenium2Library" name="Click Image">
<doc>Click on the image identified by &lt;b&gt;locator&lt;/b&gt;.&lt;br&gt;</doc>
<arguments>
<arg>images/user_edit.png</arg>
</arguments>
<msg level="INFO" timestamp="20171009 15:16:53.658">Clicking image 'images/user_edit.png'.</msg>
<status endtime="20171009 15:16:55.002" starttime="20171009 15:16:53.627" status="PASS"></status>
</kw>
<kw library="Selenium2Library" name="Clear Element Text">
<doc>Clears the text from element identified by &lt;b&gt;locator&lt;/b&gt;.&lt;br&gt;</doc>
<arguments>
<arg>name_ar</arg>
</arguments>
<status endtime="20171009 15:16:55.047" starttime="20171009 15:16:55.003" status="PASS"></status>
</kw>
<kw library="Selenium2Library" name="Input Text">
<doc>Types the given &lt;b&gt;text&lt;/b&gt; into the text field identified by</doc>
<arguments>
<arg>name_ar</arg>
<arg>موصل طلبات معدل</arg>
</arguments>
<msg level="INFO" timestamp="20171009 15:16:55.050">Typing text '???? ????? ????' into text field 'name_ar'</msg>
<status endtime="20171009 15:16:55.142" starttime="20171009 15:16:55.048" status="PASS"></status>
</kw>
<kw library="Selenium2Library" name="Click Button">
<doc>Click on the button identified by &lt;b&gt;locator&lt;/b&gt;.&lt;br&gt;</doc>
<arguments>
<arg>btn_submit</arg>
</arguments>
<msg level="INFO" timestamp="20171009 15:16:55.144">Clicking button 'btn_submit'.</msg>
<status endtime="20171009 15:16:56.468" starttime="20171009 15:16:55.142" status="PASS"></status>
</kw>
<kw library="Selenium2Library" name="Input Text">
<doc>Types the given &lt;b&gt;text&lt;/b&gt; into the text field identified by</doc>
<arguments>
<arg>txt_data</arg>
<arg>موصل طلبات معدل</arg>
</arguments>
<msg level="INFO" timestamp="20171009 15:16:56.470">Typing text '???? ????? ????' into text field 'txt_data'</msg>
<status endtime="20171009 15:16:56.571" starttime="20171009 15:16:56.468" status="PASS"></status>
</kw>
<kw library="BuiltIn" name="Sleep">
<doc>Pauses the test executed for the given time.</doc>
<arguments>
<arg>5</arg>
</arguments>
<msg level="INFO" timestamp="20171009 15:17:01.573">Slept 5 seconds</msg>
<status endtime="20171009 15:17:01.575" starttime="20171009 15:16:56.572" status="PASS"></status>
</kw>
<kw library="Selenium2Library" name="Element Text Should Be">
<doc>Verify the text of the element identified by &lt;b&gt;locator&lt;/b&gt; is exactly</doc>
<arguments>
<arg>xpath=.//table[@id='dataTables-example2']/tbody/tr[2]/td[3]/samp</arg>
<arg>موصل طلبات معدل</arg>
</arguments>
<status endtime="20171009 15:17:01.612" starttime="20171009 15:17:01.575" status="PASS"></status>
</kw>
<kw library="Selenium2Library" name="Close Browser">
<doc>Closes the current browser instance.&lt;br&gt;&lt;br&gt;&lt;b&gt;See Also:&lt;/b&gt;&lt;br&gt;&amp;nbsp;&amp;nbsp;&amp;nbsp;&amp;nbsp;`Close All Browsers`&lt;br&gt;&amp;nbsp;&amp;nbsp;&amp;nbsp;&amp;nbsp;`Open Browser`&lt;br&gt;&amp;nbsp;&amp;nbsp;&amp;nbsp;&amp;nbsp;`Switch Browser`&lt;br&gt;</doc>
<status endtime="20171009 15:17:02.174" starttime="20171009 15:17:01.612" status="PASS"></status>
</kw>
<doc>Check editing created runner</doc>
<status critical="yes" endtime="20171009 15:17:02.175" starttime="20171009 15:16:40.194" status="PASS"></status>
</test>
<test name="TC12 : Deleting created runner" id="s1-s1-t12">
<kw library="Open Stadium Management Shared Steps" name="Shared Steps : Open Runner Management">
<kw library="Selenium2Library" name="Open Browser">
<doc>Opens a new browser instance to given URL.&lt;br&gt;</doc>
<arguments>
<arg>${URL_Admin}</arg>
<arg>chrome</arg>
</arguments>
<msg level="INFO" timestamp="20171009 15:17:02.180">browserName: chrome</msg>
<msg level="INFO" timestamp="20171009 15:17:02.181">Opening browser 'chrome' to base url 'http://testapps.in/qjump/admin/'</msg>
<msg level="INFO" timestamp="20171009 15:17:05.979">Starting ChromeDriver 2.31.488774 (7e15618d1bf16df8bf0ecf2914ed1964a387ba0b) on port 35983
Only local connections are allowed.</msg>
<status endtime="20171009 15:17:05.980" starttime="20171009 15:17:02.178" status="PASS"></status>
</kw>
<kw library="Selenium2Library" name="Select Window">
<doc>Selects the window identified by &lt;b&gt;locator&lt;/b&gt; as the context of</doc>
<arguments>
<arg>Title=QJump Admin panel</arg>
</arguments>
<status endtime="20171009 15:17:06.068" starttime="20171009 15:17:05.980" status="PASS"></status>
</kw>
<kw library="Selenium2Library" name="Input Text">
<doc>Types the given &lt;b&gt;text&lt;/b&gt; into the text field identified by</doc>
<arguments>
<arg>email</arg>
<arg>${username_Admin}</arg>
</arguments>
<msg level="INFO" timestamp="20171009 15:17:06.072">Typing text 'admin@qjump.com' into text field 'email'</msg>
<status endtime="20171009 15:17:06.191" starttime="20171009 15:17:06.069" status="PASS"></status>
</kw>
<kw library="Selenium2Library" name="Input Text">
<doc>Types the given &lt;b&gt;text&lt;/b&gt; into the text field identified by</doc>
<arguments>
<arg>password</arg>
<arg>${password}</arg>
</arguments>
<msg level="INFO" timestamp="20171009 15:17:06.193">Typing text '123456' into text field 'password'</msg>
<status endtime="20171009 15:17:06.271" starttime="20171009 15:17:06.191" status="PASS"></status>
</kw>
<kw library="Selenium2Library" name="Click Button">
<doc>Click on the button identified by &lt;b&gt;locator&lt;/b&gt;.&lt;br&gt;</doc>
<arguments>
<arg>Login</arg>
</arguments>
<msg level="INFO" timestamp="20171009 15:17:06.273">Clicking button 'Login'.</msg>
<status endtime="20171009 15:17:09.094" starttime="20171009 15:17:06.271" status="PASS"></status>
</kw>
<kw library="Selenium2Library" name="Click Link">
<doc>Click on the link identified by &lt;b&gt;locator&lt;/b&gt;.&lt;br&gt;</doc>
<arguments>
<arg>Runner Management</arg>
</arguments>
<msg level="INFO" timestamp="20171009 15:17:09.097">Clicking link 'Runner Management'.</msg>
<status endtime="20171009 15:17:09.167" starttime="20171009 15:17:09.095" status="PASS"></status>
</kw>
<status endtime="20171009 15:17:09.168" starttime="20171009 15:17:02.178" status="PASS"></status>
</kw>
<kw library="Selenium2Library" name="Wait Until Element Is Visible">
<doc>Waits until the element identified by &lt;b&gt;locator&lt;/b&gt; is visible.&lt;br&gt;</doc>
<arguments>
<arg>xpath=.//ul[@id='side-menu']/li[4]/ul/li[1]/a</arg>
<arg>10</arg>
</arguments>
<status endtime="20171009 15:17:09.202" starttime="20171009 15:17:09.168" status="PASS"></status>
</kw>
<kw library="Selenium2Library" name="Click Link">
<doc>Click on the link identified by &lt;b&gt;locator&lt;/b&gt;.&lt;br&gt;</doc>
<arguments>
<arg>xpath=.//ul[@id='side-menu']/li[4]/ul/li[1]/a</arg>
</arguments>
<msg level="INFO" timestamp="20171009 15:17:09.204">Clicking link 'xpath=.//ul[@id='side-menu']/li[4]/ul/li[1]/a'.</msg>
<status endtime="20171009 15:17:10.265" starttime="20171009 15:17:09.203" status="PASS"></status>
</kw>
<kw library="Selenium2Library" name="Input Text">
<doc>Types the given &lt;b&gt;text&lt;/b&gt; into the text field identified by</doc>
<arguments>
<arg>txt_data</arg>
<arg>موصل طلبات معدل</arg>
</arguments>
<msg level="INFO" timestamp="20171009 15:17:10.267">Typing text '???? ????? ????' into text field 'txt_data'</msg>
<status endtime="20171009 15:17:10.384" starttime="20171009 15:17:10.266" status="PASS"></status>
</kw>
<kw library="BuiltIn" name="Sleep">
<doc>Pauses the test executed for the given time.</doc>
<arguments>
<arg>5</arg>
</arguments>
<msg level="INFO" timestamp="20171009 15:17:15.387">Slept 5 seconds</msg>
<status endtime="20171009 15:17:15.388" starttime="20171009 15:17:10.385" status="PASS"></status>
</kw>
<kw library="Selenium2Library" name="Choose Ok On Next Confirmation">
<doc>Ok will be selected the next time a confirmation dialog appears.&lt;br&gt;</doc>
<status endtime="20171009 15:17:15.390" starttime="20171009 15:17:15.389" status="PASS"></status>
</kw>
<kw library="Selenium2Library" name="Click Image">
<doc>Click on the image identified by &lt;b&gt;locator&lt;/b&gt;.&lt;br&gt;</doc>
<arguments>
<arg>images/trash.png</arg>
</arguments>
<msg level="INFO" timestamp="20171009 15:17:15.393">Clicking image 'images/trash.png'.</msg>
<status endtime="20171009 15:17:15.645" starttime="20171009 15:17:15.391" status="PASS"></status>
</kw>
<kw library="Selenium2Library" name="Confirm Action">
<doc>Dismisses currently shown confirmation dialog and returns its message.&lt;br&gt;</doc>
<status endtime="20171009 15:17:15.826" starttime="20171009 15:17:15.646" status="PASS"></status>
</kw>
<kw library="Selenium2Library" name="Input Text">
<doc>Types the given &lt;b&gt;text&lt;/b&gt; into the text field identified by</doc>
<arguments>
<arg>txt_data</arg>
<arg>موصل طلبات معدل</arg>
</arguments>
<msg level="INFO" timestamp="20171009 15:17:15.829">Typing text '???? ????? ????' into text field 'txt_data'</msg>
<status endtime="20171009 15:17:17.405" starttime="20171009 15:17:15.827" status="PASS"></status>
</kw>
<kw library="BuiltIn" name="Sleep">
<doc>Pauses the test executed for the given time.</doc>
<arguments>
<arg>5</arg>
</arguments>
<msg level="INFO" timestamp="20171009 15:17:22.406">Slept 5 seconds</msg>
<status endtime="20171009 15:17:22.407" starttime="20171009 15:17:17.406" status="PASS"></status>
</kw>
<kw library="Selenium2Library" name="Element Text Should Be">
<doc>Verify the text of the element identified by &lt;b&gt;locator&lt;/b&gt; is exactly</doc>
<arguments>
<arg>no_data_css</arg>
<arg>No Records Found</arg>
</arguments>
<status endtime="20171009 15:17:22.445" starttime="20171009 15:17:22.408" status="PASS"></status>
</kw>
<kw library="Selenium2Library" name="Close Browser">
<doc>Closes the current browser instance.&lt;br&gt;&lt;br&gt;&lt;b&gt;See Also:&lt;/b&gt;&lt;br&gt;&amp;nbsp;&amp;nbsp;&amp;nbsp;&amp;nbsp;`Close All Browsers`&lt;br&gt;&amp;nbsp;&amp;nbsp;&amp;nbsp;&amp;nbsp;`Open Browser`&lt;br&gt;&amp;nbsp;&amp;nbsp;&amp;nbsp;&amp;nbsp;`Switch Browser`&lt;br&gt;</doc>
<status endtime="20171009 15:17:23.007" starttime="20171009 15:17:22.446" status="PASS"></status>
</kw>
<doc>Check deleting created runner</doc>
<status critical="yes" endtime="20171009 15:17:23.008" starttime="20171009 15:17:02.176" status="PASS"></status>
</test>
<test name="TC13: Adding new product" id="s1-s1-t13">
<kw library="Open Stadium Management Shared Steps" name="Shared Steps : Open Product Management">
<kw library="Selenium2Library" name="Open Browser">
<doc>Opens a new browser instance to given URL.&lt;br&gt;</doc>
<arguments>
<arg>${URL_Restaurant}</arg>
<arg>chrome</arg>
</arguments>
<msg level="INFO" timestamp="20171009 15:17:23.016">browserName: chrome</msg>
<msg level="INFO" timestamp="20171009 15:17:23.017">Opening browser 'chrome' to base url 'http://testapps.in/qjump/restaurant/'</msg>
<msg level="INFO" timestamp="20171009 15:17:26.641">Starting ChromeDriver 2.31.488774 (7e15618d1bf16df8bf0ecf2914ed1964a387ba0b) on port 20449
Only local connections are allowed.</msg>
[...]
Session ID: f5a629341d6403a58f7f92ae22e8edcb</msg>
<status endtime="20171009 15:25:15.744" starttime="20171009 15:25:14.818" status="FAIL"></status>
</kw>
<msg level="WARN" timestamp="20171009 15:25:15.745">Keyword 'Capture Page Screenshot' could not be run on failure</msg>
<msg level="FAIL" timestamp="20171009 15:25:15.751">no such window: target window already closed
from unknown error: web view not found
  (Session info: chrome=61.0.3163.100)
  (Driver info: chromedriver=2.31.488774 (7e15618d1bf16df8bf0ecf2914ed1964a387ba0b),platform=Mac OS X 10.12.3 x86_64) (WARNING: The server did not provide any stacktrace information)
Command duration or timeout: 2 milliseconds
Build info: version: '2.48.2', revision: '41bccdd10cf2c0560f637404c2d96164b67d9d67', time: '2015-10-09 13:08:06'
System info: host: 'Tatras-MacBook-Pro.local', ip: '192.168.1.3', os.name: 'Mac OS X', os.arch: 'x86_64', os.version: '10.12.3', java.version: '1.8.0_111'
Driver info: org.openqa.selenium.chrome.ChromeDriver
Capabilities [{applicationCacheEnabled=false, rotatable=false, mobileEmulationEnabled=false, networkConnectionEnabled=false, chrome={chromedriverVersion=2.31.488774 (7e15618d1bf16df8bf0ecf2914ed1964a387ba0b), userDataDir=/var/folders/45/bxxg74bn3dncx0gcy47lc1300000gn/T/.org.chromium.Chromium.pyn9mK}, takesHeapSnapshot=true, pageLoadStrategy=normal, databaseEnabled=false, handlesAlerts=true, hasTouchScreen=false, version=61.0.3163.100, platform=MAC, browserConnectionEnabled=false, nativeEvents=true, acceptSslCerts=true, locationContextEnabled=true, webStorageEnabled=true, browserName=chrome, takesScreenshot=true, javascriptEnabled=true, cssSelectorsEnabled=true, setWindowRect=true, unexpectedAlertBehaviour=}]
Session ID: f5a629341d6403a58f7f92ae22e8edcb</msg>
<status endtime="20171009 15:25:15.752" starttime="20171009 15:25:14.810" status="FAIL"></status>
</kw>
<msg level="WARN" timestamp="20171009 15:25:15.752">Keyword 'Capture Page Screenshot' could not be run on failure</msg>
<msg level="FAIL" timestamp="20171009 15:25:15.758">no such window: target window already closed
from unknown error: web view not found
  (Session info: chrome=61.0.3163.100)
  (Driver info: chromedriver=2.31.488774 (7e15618d1bf16df8bf0ecf2914ed1964a387ba0b),platform=Mac OS X 10.12.3 x86_64) (WARNING: The server did not provide any stacktrace information)
Command duration or timeout: 1 milliseconds
Build info: version: '2.48.2', revision: '41bccdd10cf2c0560f637404c2d96164b67d9d67', time: '2015-10-09 13:08:06'
System info: host: 'Tatras-MacBook-Pro.local', ip: '192.168.1.3', os.name: 'Mac OS X', os.arch: 'x86_64', os.version: '10.12.3', java.version: '1.8.0_111'
Driver info: org.openqa.selenium.chrome.ChromeDriver
Capabilities [{applicationCacheEnabled=false, rotatable=false, mobileEmulationEnabled=false, networkConnectionEnabled=false, chrome={chromedriverVersion=2.31.488774 (7e15618d1bf16df8bf0ecf2914ed1964a387ba0b), userDataDir=/var/folders/45/bxxg74bn3dncx0gcy47lc1300000gn/T/.org.chromium.Chromium.pyn9mK}, takesHeapSnapshot=true, pageLoadStrategy=normal, databaseEnabled=false, handlesAlerts=true, hasTouchScreen=false, version=61.0.3163.100, platform=MAC, browserConnectionEnabled=false, nativeEvents=true, acceptSslCerts=true, locationContextEnabled=true, webStorageEnabled=true, browserName=chrome, takesScreenshot=true, javascriptEnabled=true, cssSelectorsEnabled=true, setWindowRect=true, unexpectedAlertBehaviour=}]
Session ID: f5a629341d6403a58f7f92ae22e8edcb</msg>
<status endtime="20171009 15:25:15.759" starttime="20171009 15:25:14.804" status="FAIL"></status>
</kw>
<msg level="WARN" timestamp="20171009 15:25:15.760">Keyword 'Capture Page Screenshot' could not be run on failure</msg>
<msg level="FAIL" timestamp="20171009 15:25:15.765">no such window: target window already closed
from unknown error: web view not found
  (Session info: chrome=61.0.3163.100)
  (Driver info: chromedriver=2.31.488774 (7e15618d1bf16df8bf0ecf2914ed1964a387ba0b),platform=Mac OS X 10.12.3 x86_64) (WARNING: The server did not provide any stacktrace information)
Command duration or timeout: 2 milliseconds
Build info: version: '2.48.2', revision: '41bccdd10cf2c0560f637404c2d96164b67d9d67', time: '2015-10-09 13:08:06'
System info: host: 'Tatras-MacBook-Pro.local', ip: '192.168.1.3', os.name: 'Mac OS X', os.arch: 'x86_64', os.version: '10.12.3', java.version: '1.8.0_111'
Driver info: org.openqa.selenium.chrome.ChromeDriver
Capabilities [{applicationCacheEnabled=false, rotatable=false, mobileEmulationEnabled=false, networkConnectionEnabled=false, chrome={chromedriverVersion=2.31.488774 (7e15618d1bf16df8bf0ecf2914ed1964a387ba0b), userDataDir=/var/folders/45/bxxg74bn3dncx0gcy47lc1300000gn/T/.org.chromium.Chromium.pyn9mK}, takesHeapSnapshot=true, pageLoadStrategy=normal, databaseEnabled=false, handlesAlerts=true, hasTouchScreen=false, version=61.0.3163.100, platform=MAC, browserConnectionEnabled=false, nativeEvents=true, acceptSslCerts=true, locationContextEnabled=true, webStorageEnabled=true, browserName=chrome, takesScreenshot=true, javascriptEnabled=true, cssSelectorsEnabled=true, setWindowRect=true, unexpectedAlertBehaviour=}]
Session ID: f5a629341d6403a58f7f92ae22e8edcb</msg>
<status endtime="20171009 15:25:15.765" starttime="20171009 15:25:14.798" status="FAIL"></status>
</kw>
<msg level="WARN" timestamp="20171009 15:25:15.766">Keyword 'Capture Page Screenshot' could not be run on failure</msg>
<msg level="FAIL" timestamp="20171009 15:25:15.772">no such window: target window already closed
from unknown error: web view not found
  (Session info: chrome=61.0.3163.100)
  (Driver info: chromedriver=2.31.488774 (7e15618d1bf16df8bf0ecf2914ed1964a387ba0b),platform=Mac OS X 10.12.3 x86_64) (WARNING: The server did not provide any stacktrace information)
Command duration or timeout: 1 milliseconds
Build info: version: '2.48.2', revision: '41bccdd10cf2c0560f637404c2d96164b67d9d67', time: '2015-10-09 13:08:06'
System info: host: 'Tatras-MacBook-Pro.local', ip: '192.168.1.3', os.name: 'Mac OS X', os.arch: 'x86_64', os.version: '10.12.3', java.version: '1.8.0_111'
Driver info: org.openqa.selenium.chrome.ChromeDriver
Capabilities [{applicationCacheEnabled=false, rotatable=false, mobileEmulationEnabled=false, networkConnectionEnabled=false, chrome={chromedriverVersion=2.31.488774 (7e15618d1bf16df8bf0ecf2914ed1964a387ba0b), userDataDir=/var/folders/45/bxxg74bn3dncx0gcy47lc1300000gn/T/.org.chromium.Chromium.pyn9mK}, takesHeapSnapshot=true, pageLoadStrategy=normal, databaseEnabled=false, handlesAlerts=true, hasTouchScreen=false, version=61.0.3163.100, platform=MAC, browserConnectionEnabled=false, nativeEvents=true, acceptSslCerts=true, locationContextEnabled=true, webStorageEnabled=true, browserName=chrome, takesScreenshot=true, javascriptEnabled=true, cssSelectorsEnabled=true, setWindowRect=true, unexpectedAlertBehaviour=}]
Session ID: f5a629341d6403a58f7f92ae22e8edcb</msg>
<status endtime="20171009 15:25:15.772" starttime="20171009 15:25:14.792" status="FAIL"></status>
</kw>
<msg level="WARN" timestamp="20171009 15:25:15.773">Keyword 'Capture Page Screenshot' could not be run on failure</msg>
<msg level="FAIL" timestamp="20171009 15:25:15.778">no such window: target window already closed
from unknown error: web view not found
  (Session info: chrome=61.0.3163.100)
  (Driver info: chromedriver=2.31.488774 (7e15618d1bf16df8bf0ecf2914ed1964a387ba0b),platform=Mac OS X 10.12.3 x86_64) (WARNING: The server did not provide any stacktrace information)
Command duration or timeout: 1 milliseconds
Build info: version: '2.48.2', revision: '41bccdd10cf2c0560f637404c2d96164b67d9d67', time: '2015-10-09 13:08:06'
System info: host: 'Tatras-MacBook-Pro.local', ip: '192.168.1.3', os.name: 'Mac OS X', os.arch: 'x86_64', os.version: '10.12.3', java.version: '1.8.0_111'
Driver info: org.openqa.selenium.chrome.ChromeDriver
Capabilities [{applicationCacheEnabled=false, rotatable=false, mobileEmulationEnabled=false, networkConnectionEnabled=false, chrome={chromedriverVersion=2.31.488774 (7e15618d1bf16df8bf0ecf2914ed1964a387ba0b), userDataDir=/var/folders/45/bxxg74bn3dncx0gcy47lc1300000gn/T/.org.chromium.Chromium.pyn9mK}, takesHeapSnapshot=true, pageLoadStrategy=normal, databaseEnabled=false, handlesAlerts=true, hasTouchScreen=false, version=61.0.3163.100, platform=MAC, browserConnectionEnabled=false, nativeEvents=true, acceptSslCerts=true, locationContextEnabled=true, webStorageEnabled=true, browserName=chrome, takesScreenshot=true, javascriptEnabled=true, cssSelectorsEnabled=true, setWindowRect=true, unexpectedAlertBehaviour=}]
Session ID: f5a629341d6403a58f7f92ae22e8edcb</msg>
<status endtime="20171009 15:25:15.778" starttime="20171009 15:25:14.786" status="FAIL"></status>
</kw>
<msg level="WARN" timestamp="20171009 15:25:15.779">Keyword 'Capture Page Screenshot' could not be run on failure</msg>
<msg level="FAIL" timestamp="20171009 15:25:15.782">RuntimeException</msg>
<status endtime="20171009 15:25:15.782" starttime="20171009 15:18:21.137" status="FAIL"></status>
</kw>
<doc>Check deleting created product</doc>
<status critical="yes" endtime="20171009 15:25:15.783" starttime="20171009 15:18:08.681" status="FAIL">RuntimeException</status>
</test>
<doc>A resource file containing the application Test Cases</doc>
<status endtime="20171009 15:25:15.803" starttime="20171009 15:14:02.423" status="FAIL"></status>
</suite>
<status endtime="20171009 15:25:15.850" starttime="20171009 15:14:02.054" status="FAIL"></status>
</suite>
<statistics>
<total>
<stat pass="13" fail="2">Critical Tests</stat>
<stat pass="13" fail="2">All Tests</stat>
</total>
<tag>
</tag>
<suite>
<stat pass="13" fail="2" name="Acceptance" id="s1">Acceptance</stat>
<stat pass="13" fail="2" name="Test Cases" id="s1-s1">Acceptance.Test Cases</stat>
</suite>
</statistics>
<errors>
<msg level="WARN" timestamp="20171009 15:18:06.617">Keyword 'Capture Page Screenshot' could not be run on failure</msg>
<msg level="WARN" timestamp="20171009 15:18:07.890">Keyword 'Capture Page Screenshot' could not be run on failure</msg>
<msg level="WARN" timestamp="20171009 15:18:07.917">Keyword 'Capture Page Screenshot' could not be run on failure</msg>
<msg level="WARN" timestamp="20171009 15:18:07.942">Keyword 'Capture Page Screenshot' could not be run on failure</msg>
<msg level="WARN" timestamp="20171009 15:18:07.964">Keyword 'Capture Page Screenshot' could not be run on failure</msg>
<msg level="WARN" timestamp="20171009 15:18:07.985">Keyword 'Capture Page Screenshot' could not be run on failure</msg>
<msg level="WARN" timestamp="20171009 15:18:08.009">Keyword 'Capture Page Screenshot' could not be run on failure</msg>
<msg level="WARN" timestamp="20171009 15:18:08.031">Keyword 'Capture Page Screenshot' could not be run on failure</msg>
<msg level="WARN" timestamp="20171009 15:18:08.051">Keyword 'Capture Page Screenshot' could not be run on failure</msg>
<msg level="WARN" timestamp="20171009 15:18:08.072">Keyword 'Capture Page Screenshot' could not be run on failure</msg>
<msg level="WARN" timestamp="20171009 15:18:08.093">Keyword 'Capture Page Screenshot' could not be run on failure</msg>
<msg level="WARN" timestamp="20171009 15:18:08.165">Keyword 'Capture Page Screenshot' could not be run on failure</msg>
<msg level="WARN" timestamp="20171009 15:18:08.181">Keyword 'Capture Page Screenshot' could not be run on failure</msg>
<msg level="WARN" timestamp="20171009 15:18:08.199">Keyword 'Capture Page Screenshot' could not be run on failure</msg>
<msg level="WARN" timestamp="20171009 15:18:08.217">Keyword 'Capture Page Screenshot' could not be run on failure</msg>
<msg level="WARN" timestamp="20171009 15:18:08.236">Keyword 'Capture Page Screenshot' could not be run on failure</msg>
<msg level="WARN" timestamp="20171009 15:18:08.254">Keyword 'Capture Page Screenshot' could not be run on failure</msg>
<msg level="WARN" timestamp="20171009 15:18:08.273">Keyword 'Capture Page Screenshot' could not be run on failure</msg>
<msg level="WARN" timestamp="20171009 15:18:08.293">Keyword 'Capture Page Screenshot' could not be run on failure</msg>
<msg level="WARN" timestamp="20171009 15:18:08.315">Keyword 'Capture Page Screenshot' could not be run on failure</msg>
<msg level="WARN" timestamp="20171009 15:18:08.335">Keyword 'Capture Page Screenshot' could not be run on failure</msg>
<msg level="WARN" timestamp="20171009 15:18:08.353">Keyword 'Capture Page Screenshot' could not be run on failure</msg>
<msg level="WARN" timestamp="20171009 15:18:08.375">Keyword 'Capture Page Screenshot' could not be run on failure</msg>
<msg level="WARN" timestamp="20171009 15:18:08.393">Keyword 'Capture Page Screenshot' could not be run on failure</msg>
<msg level="WARN" timestamp="20171009 15:18:08.413">Keyword 'Capture Page Screenshot' could not be run on failure</msg>
<msg level="WARN" timestamp="20171009 15:18:08.431">Keyword 'Capture Page Screenshot' could not be run on failure</msg>
<msg level="WARN" timestamp="20171009 15:18:08.449">Keyword 'Capture Page Screenshot' could not be run on failure</msg>
<msg level="WARN" timestamp="20171009 15:18:08.466">Keyword 'Capture Page Screenshot' could not be run on failure</msg>
<msg level="WARN" timestamp="20171009 15:18:08.484">Keyword 'Capture Page Screenshot' could not be run on failure</msg>
<msg level="WARN" timestamp="20171009 15:18:08.504">Keyword 'Capture Page Screenshot' could not be run on failure</msg>
<msg level="WARN" timestamp="20171009 15:18:08.526">Keyword 'Capture Page Screenshot' could not be run on failure</msg>
<msg level="WARN" timestamp="20171009 15:18:08.593">Keyword 'Capture Page Screenshot' could not be run on failure</msg>
<msg level="WARN" timestamp="20171009 15:18:08.610">Keyword 'Capture Page Screenshot' could not be run on failure</msg>
<msg level="WARN" timestamp="20171009 15:18:08.620">Keyword 'Capture Page Screenshot' could not be run on failure</msg>
<msg level="WARN" timestamp="20171009 15:18:08.629">Keyword 'Capture Page Screenshot' could not be run on failure</msg>
<msg level="WARN" timestamp="20171009 15:18:08.638">Keyword 'Capture Page Screenshot' could not be run on failure</msg>
<msg level="WARN" timestamp="20171009 15:18:08.646">Keyword 'Capture Page Screenshot' could not be run on failure</msg>
<msg level="WARN" timestamp="20171009 15:18:08.654">Keyword 'Capture Page Screenshot' could not be run on failure</msg>
<msg level="WARN" timestamp="20171009 15:18:08.660">Keyword 'Capture Page Screenshot' could not be run on failure</msg>
<msg level="WARN" timestamp="20171009 15:18:08.666">Keyword 'Capture Page Screenshot' could not be run on failure</msg>
<msg level="WARN" timestamp="20171009 15:18:08.672">Keyword 'Capture Page Screenshot' could not be run on failure</msg>
<msg level="WARN" timestamp="20171009 15:18:08.676">Keyword 'Capture Page Screenshot' could not be run on failure</msg>
<msg level="WARN" timestamp="20171009 15:25:15.058">Keyword 'Capture Page Screenshot' could not be run on failure</msg>
<msg level="WARN" timestamp="20171009 15:25:15.078">Keyword 'Capture Page Screenshot' could not be run on failure</msg>
<msg level="WARN" timestamp="20171009 15:25:15.095">Keyword 'Capture Page Screenshot' could not be run on failure</msg>
<msg level="WARN" timestamp="20171009 15:25:15.115">Keyword 'Capture Page Screenshot' could not be run on failure</msg>
<msg level="WARN" timestamp="20171009 15:25:15.137">Keyword 'Capture Page Screenshot' could not be run on failure</msg>
<msg level="WARN" timestamp="20171009 15:25:15.159">Keyword 'Capture Page Screenshot' could not be run on failure</msg>
<msg level="WARN" timestamp="20171009 15:25:15.178">Keyword 'Capture Page Screenshot' could not be run on failure</msg>
<msg level="WARN" timestamp="20171009 15:25:15.198">Keyword 'Capture Page Screenshot' could not be run on failure</msg>
<msg level="WARN" timestamp="20171009 15:25:15.218">Keyword 'Capture Page Screenshot' could not be run on failure</msg>
<msg level="WARN" timestamp="20171009 15:25:15.242">Keyword 'Capture Page Screenshot' could not be run on failure</msg>
<msg level="WARN" timestamp="20171009 15:25:15.262">Keyword 'Capture Page Screenshot' could not be run on failure</msg>
<msg level="WARN" timestamp="20171009 15:25:15.280">Keyword 'Capture Page Screenshot' could not be run on failure</msg>
<msg level="WARN" timestamp="20171009 15:25:15.372">Keyword 'Capture Page Screenshot' could not be run on failure</msg>
<msg level="WARN" timestamp="20171009 15:25:15.389">Keyword 'Capture Page Screenshot' could not be run on failure</msg>
<msg level="WARN" timestamp="20171009 15:25:15.405">Keyword 'Capture Page Screenshot' could not be run on failure</msg>
<msg level="WARN" timestamp="20171009 15:25:15.421">Keyword 'Capture Page Screenshot' could not be run on failure</msg>
<msg level="WARN" timestamp="20171009 15:25:15.437">Keyword 'Capture Page Screenshot' could not be run on failure</msg>
<msg level="WARN" timestamp="20171009 15:25:15.454">Keyword 'Capture Page Screenshot' could not be run on failure</msg>
<msg level="WARN" timestamp="20171009 15:25:15.471">Keyword 'Capture Page Screenshot' could not be run on failure</msg>
<msg level="WARN" timestamp="20171009 15:25:15.488">Keyword 'Capture Page Screenshot' could not be run on failure</msg>
<msg level="WARN" timestamp="20171009 15:25:15.507">Keyword 'Capture Page Screenshot' could not be run on failure</msg>
<msg level="WARN" timestamp="20171009 15:25:15.525">Keyword 'Capture Page Screenshot' could not be run on failure</msg>
<msg level="WARN" timestamp="20171009 15:25:15.542">Keyword 'Capture Page Screenshot' could not be run on failure</msg>
<msg level="WARN" timestamp="20171009 15:25:15.561">Keyword 'Capture Page Screenshot' could not be run on failure</msg>
<msg level="WARN" timestamp="20171009 15:25:15.579">Keyword 'Capture Page Screenshot' could not be run on failure</msg>
<msg level="WARN" timestamp="20171009 15:25:15.596">Keyword 'Capture Page Screenshot' could not be run on failure</msg>
<msg level="WARN" timestamp="20171009 15:25:15.613">Keyword 'Capture Page Screenshot' could not be run on failure</msg>
<msg level="WARN" timestamp="20171009 15:25:15.630">Keyword 'Capture Page Screenshot' could not be run on failure</msg>
<msg level="WARN" timestamp="20171009 15:25:15.648">Keyword 'Capture Page Screenshot' could not be run on failure</msg>
<msg level="WARN" timestamp="20171009 15:25:15.664">Keyword 'Capture Page Screenshot' could not be run on failure</msg>
<msg level="WARN" timestamp="20171009 15:25:15.682">Keyword 'Capture Page Screenshot' could not be run on failure</msg>
<msg level="WARN" timestamp="20171009 15:25:15.699">Keyword 'Capture Page Screenshot' could not be run on failure</msg>
<msg level="WARN" timestamp="20171009 15:25:15.711">Keyword 'Capture Page Screenshot' could not be run on failure</msg>
<msg level="WARN" timestamp="20171009 15:25:15.727">Keyword 'Capture Page Screenshot' could not be run on failure</msg>
<msg level="WARN" timestamp="20171009 15:25:15.737">Keyword 'Capture Page Screenshot' could not be run on failure</msg>
<msg level="WARN" timestamp="20171009 15:25:15.745">Keyword 'Capture Page Screenshot' could not be run on failure</msg>
<msg level="WARN" timestamp="20171009 15:25:15.752">Keyword 'Capture Page Screenshot' could not be run on failure</msg>
<msg level="WARN" timestamp="20171009 15:25:15.760">Keyword 'Capture Page Screenshot' could not be run on failure</msg>
<msg level="WARN" timestamp="20171009 15:25:15.766">Keyword 'Capture Page Screenshot' could not be run on failure</msg>
<msg level="WARN" timestamp="20171009 15:25:15.773">Keyword 'Capture Page Screenshot' could not be run on failure</msg>
<msg level="WARN" timestamp="20171009 15:25:15.779">Keyword 'Capture Page Screenshot' could not be run on failure</msg>
</errors>
</robot>
